<?xml version="1.0" encoding="UTF-8"?>
<!-- Generated by org.testng.reporters.JUnitXMLReporter -->
<testsuite ignored="0" hostname="DESKTOP-7AKMRUB" failures="0" tests="4" name="P360_UI_USER_MODULE" time="100.733" errors="0" timestamp="2023-09-11T12:49:12 IST">
  <testcase classname="com.p360.testCases.TC_Home" name="test_Login" time="11.766"/>
  <testcase classname="com.p360.testCases.TC_Home" name="test_HomePageElement" time="38.383"/>
  <testcase classname="com.p360.testCases.TC_Home" name="test_ChangeCardDetails" time="35.781"/>
  <testcase classname="com.p360.testCases.TC_Home" name="test_Logout" time="9.32"/>
</testsuite> <!-- P360_UI_USER_MODULE -->
