<?xml version="1.0" encoding="UTF-8"?>
<!-- Generated by org.testng.reporters.JUnitXMLReporter -->
<testsuite ignored="0" hostname="DESKTOP-7AKMRUB" failures="1" tests="3" name="P360_UI_USER_MODULE" time="46.505" errors="0" timestamp="2023-09-12T12:44:04 IST">
  <testcase classname="com.p360.testCases.TC_Membership" name="test_Login" time="12.171"/>
  <testcase classname="com.p360.testCases.TC_Membership" name="test_PauseMembership" time="27.412"/>
  <testcase classname="com.p360.testCases.TC_Membership" name="test_Logout" time="1.124">
    <failure type="java.lang.AssertionError" message="After logout it lookin for [Performance360] text expected [true] but found [false]">
      <![CDATA[java.lang.AssertionError: After logout it lookin for [Performance360] text expected [true] but found [false]
at com.p360.pageObject.PO_HomePage.Logout(PO_HomePage.java:239)
at com.p360.testCases.TC_Membership.test_Logout(TC_Membership.java:92)
at java.base/java.util.ArrayList.forEach(ArrayList.java:1511)
... Removed 30 stack frames]]>
    </failure>
  </testcase> <!-- test_Logout -->
</testsuite> <!-- P360_UI_USER_MODULE -->
