<?xml version="1.0" encoding="UTF-8"?>
<!-- Generated by org.testng.reporters.JUnitXMLReporter -->
<testsuite ignored="0" hostname="DESKTOP-7AKMRUB" failures="3" tests="3" name="P360_UI_USER_MODULE" time="55.486" errors="0" timestamp="2023-09-30T13:48:52 IST">
  <testcase classname="com.p360.testCases.BaseClass" name="@AfterClass Logout" time="1.06">
    <failure type="java.lang.AssertionError" message="The following asserts failed:
	After logout it lookin for [Performance360] text expected [true] but found [false]">
      <![CDATA[java.lang.AssertionError: The following asserts failed:
After logout it lookin for [Performance360] text expected [true] but found [false]
at com.p360.Main.pageObject.PO_Main_HomePage.AdminLogout(PO_Main_HomePage.java:287)
at com.p360.testCases.BaseClass.Logout(BaseClass.java:131)
at java.base/java.util.ArrayList.forEach(ArrayList.java:1511)
... Removed 28 stack frames]]>
    </failure>
  </testcase> <!-- @AfterClass Logout -->
  <testcase classname="com.p360.Main.testCases.TC_Main_Packages" name="test_Main_ActivatePackage" time="32.901">
    <failure type="java.lang.AssertionError" message="The following asserts failed:
	You want Activate, but Activate button not present expected [true] but found [false]">
      <![CDATA[java.lang.AssertionError: The following asserts failed:
You want Activate, but Activate button not present expected [true] but found [false]
at com.p360.Actions.Action_Activate.activate(Action_Activate.java:44)
at com.p360.Main.pageObject.PO_Main_PackagesPage.activatePackage(PO_Main_PackagesPage.java:646)
at com.p360.Main.testCases.TC_Main_Packages.test_Main_ActivatePackage(TC_Main_Packages.java:109)
at java.base/java.util.ArrayList.forEach(ArrayList.java:1511)
... Removed 29 stack frames]]>
    </failure>
  </testcase> <!-- test_Main_ActivatePackage -->
  <testcase classname="com.p360.Main.testCases.TC_Main_Packages" name="test_Main_ArchivePackageCategory" time="1.115">
    <failure type="org.openqa.selenium.ElementClickInterceptedException" message="element click intercepted: Element &amp;lt;div class=&amp;quot;MuiList-root jss26 Cmt-nav-menu-item MuiList-padding&amp;quot;&amp;gt;...&amp;lt;/div&amp;gt; is not clickable at point (125, 185). Other element would receive the click: &amp;lt;div aria-hidden=&amp;quot;true&amp;quot; style=&amp;quot;z-index: -1; position: fixed; inset: 0px; background-color: transparent; -webkit-tap-highlight-color: transparent;&amp;quot;&amp;gt;&amp;lt;/div&amp;gt;
  (Session info: chrome=117.0.5938.132)
Build info: version: &amp;apos;4.11.0&amp;apos;, revision: &amp;apos;040bc5406b&amp;apos;
System info: os.name: &amp;apos;Windows 11&amp;apos;, os.arch: &amp;apos;amd64&amp;apos;, os.version: &amp;apos;10.0&amp;apos;, java.version: &amp;apos;17.0.7&amp;apos;
Driver info: org.openqa.selenium.chrome.ChromeDriver
Command: [54fd560ba379c72d35c8b8c0d16c6b20, clickElement {id=ECEEBE1DBFD135060A6DEB43E8B45904_element_24}]
Capabilities {acceptInsecureCerts: false, browserName: chrome, browserVersion: 117.0.5938.132, chrome: {chromedriverVersion: 117.0.5938.92 (67649b10b92b..., userDataDir: C:\Users\JKL-MA~1\AppData\L...}, fedcm:accounts: true, goog:chromeOptions: {debuggerAddress: localhost:58684}, networkConnectionEnabled: false, pageLoadStrategy: normal, platformName: windows, proxy: Proxy(), se:cdp: ws://localhost:58684/devtoo..., se:cdpVersion: 117.0.5938.132, setWindowRect: true, strictFileInteractability: false, timeouts: {implicit: 0, pageLoad: 300000, script: 30000}, unhandledPromptBehavior: dismiss and notify, webauthn:extension:credBlob: true, webauthn:extension:largeBlob: true, webauthn:extension:minPinLength: true, webauthn:extension:prf: true, webauthn:virtualAuthenticators: true}
Element: [[ChromeDriver: chrome on windows (54fd560ba379c72d35c8b8c0d16c6b20)] -&amp;gt; xpath: (//div[contains(@class,&amp;quot;MuiList-root&amp;quot;)][contains(.,&amp;apos;Dashboard&amp;apos;)])[2]]
Session ID: 54fd560ba379c72d35c8b8c0d16c6b20">
      <![CDATA[org.openqa.selenium.ElementClickInterceptedException: element click intercepted: Element <div class="MuiList-root jss26 Cmt-nav-menu-item MuiList-padding">...</div> is not clickable at point (125, 185). Other element would receive the click: <div aria-hidden="true" style="z-index: -1; position: fixed; inset: 0px; background-color: transparent; -webkit-tap-highlight-color: transparent;"></div>
  (Session info: chrome=117.0.5938.132)
Build info: version: '4.11.0', revision: '040bc5406b'
System info: os.name: 'Windows 11', os.arch: 'amd64', os.version: '10.0', java.version: '17.0.7'
Driver info: org.openqa.selenium.chrome.ChromeDriver
Command: [54fd560ba379c72d35c8b8c0d16c6b20, clickElement {id=ECEEBE1DBFD135060A6DEB43E8B45904_element_24}]
Capabilities {acceptInsecureCerts: false, browserName: chrome, browserVersion: 117.0.5938.132, chrome: {chromedriverVersion: 117.0.5938.92 (67649b10b92b..., userDataDir: C:\Users\JKL-MA~1\AppData\L...}, fedcm:accounts: true, goog:chromeOptions: {debuggerAddress: localhost:58684}, networkConnectionEnabled: false, pageLoadStrategy: normal, platformName: windows, proxy: Proxy(), se:cdp: ws://localhost:58684/devtoo..., se:cdpVersion: 117.0.5938.132, setWindowRect: true, strictFileInteractability: false, timeouts: {implicit: 0, pageLoad: 300000, script: 30000}, unhandledPromptBehavior: dismiss and notify, webauthn:extension:credBlob: true, webauthn:extension:largeBlob: true, webauthn:extension:minPinLength: true, webauthn:extension:prf: true, webauthn:virtualAuthenticators: true}
Element: [[ChromeDriver: chrome on windows (54fd560ba379c72d35c8b8c0d16c6b20)] -> xpath: (//div[contains(@class,"MuiList-root")][contains(.,'Dashboard')])[2]]
Session ID: 54fd560ba379c72d35c8b8c0d16c6b20
at org.openqa.selenium.remote.codec.w3c.W3CHttpResponseCodec.createException(W3CHttpResponseCodec.java:200)
at org.openqa.selenium.remote.codec.w3c.W3CHttpResponseCodec.decode(W3CHttpResponseCodec.java:133)
at org.openqa.selenium.remote.codec.w3c.W3CHttpResponseCodec.decode(W3CHttpResponseCodec.java:52)
at org.openqa.selenium.remote.HttpCommandExecutor.execute(HttpCommandExecutor.java:191)
at org.openqa.selenium.remote.service.DriverCommandExecutor.invokeExecute(DriverCommandExecutor.java:196)
at org.openqa.selenium.remote.service.DriverCommandExecutor.execute(DriverCommandExecutor.java:171)
at org.openqa.selenium.remote.RemoteWebDriver.execute(RemoteWebDriver.java:518)
at org.openqa.selenium.remote.RemoteWebElement.execute(RemoteWebElement.java:224)
at org.openqa.selenium.remote.RemoteWebElement.click(RemoteWebElement.java:77)
at org.openqa.selenium.support.pagefactory.internal.LocatingElementHandler.invoke(LocatingElementHandler.java:51)
at jdk.proxy2/jdk.proxy2.$Proxy36.click(Unknown Source)
at com.p360.Main.pageObject.PO_Main_HomePage.clickOntabDashboard(PO_Main_HomePage.java:138)
at com.p360.Main.testCases.TC_Main_Packages.callMeBeforePerformAnyAction(TC_Main_Packages.java:192)
at com.p360.Main.testCases.TC_Main_Packages.test_Main_FindPackageCategoryFromListAndClickOnThreedotButton(TC_Main_Packages.java:152)
at com.p360.Main.testCases.TC_Main_Packages.test_Main_ArchivePackageCategory(TC_Main_Packages.java:174)
at java.base/java.util.ArrayList.forEach(ArrayList.java:1511)
... Removed 36 stack frames]]>
    </failure>
  </testcase> <!-- test_Main_ArchivePackageCategory -->
  <testcase classname="com.p360.Main.testCases.TC_Main_Packages" name="test_Main_RestorePackageCategory" time="1.07">
    <failure type="org.openqa.selenium.ElementClickInterceptedException" message="element click intercepted: Element &amp;lt;div class=&amp;quot;MuiList-root jss26 Cmt-nav-menu-item MuiList-padding&amp;quot;&amp;gt;...&amp;lt;/div&amp;gt; is not clickable at point (125, 185). Other element would receive the click: &amp;lt;div aria-hidden=&amp;quot;true&amp;quot; style=&amp;quot;z-index: -1; position: fixed; inset: 0px; background-color: transparent; -webkit-tap-highlight-color: transparent;&amp;quot;&amp;gt;&amp;lt;/div&amp;gt;
  (Session info: chrome=117.0.5938.132)
Build info: version: &amp;apos;4.11.0&amp;apos;, revision: &amp;apos;040bc5406b&amp;apos;
System info: os.name: &amp;apos;Windows 11&amp;apos;, os.arch: &amp;apos;amd64&amp;apos;, os.version: &amp;apos;10.0&amp;apos;, java.version: &amp;apos;17.0.7&amp;apos;
Driver info: org.openqa.selenium.chrome.ChromeDriver
Command: [54fd560ba379c72d35c8b8c0d16c6b20, clickElement {id=ECEEBE1DBFD135060A6DEB43E8B45904_element_24}]
Capabilities {acceptInsecureCerts: false, browserName: chrome, browserVersion: 117.0.5938.132, chrome: {chromedriverVersion: 117.0.5938.92 (67649b10b92b..., userDataDir: C:\Users\JKL-MA~1\AppData\L...}, fedcm:accounts: true, goog:chromeOptions: {debuggerAddress: localhost:58684}, networkConnectionEnabled: false, pageLoadStrategy: normal, platformName: windows, proxy: Proxy(), se:cdp: ws://localhost:58684/devtoo..., se:cdpVersion: 117.0.5938.132, setWindowRect: true, strictFileInteractability: false, timeouts: {implicit: 0, pageLoad: 300000, script: 30000}, unhandledPromptBehavior: dismiss and notify, webauthn:extension:credBlob: true, webauthn:extension:largeBlob: true, webauthn:extension:minPinLength: true, webauthn:extension:prf: true, webauthn:virtualAuthenticators: true}
Element: [[ChromeDriver: chrome on windows (54fd560ba379c72d35c8b8c0d16c6b20)] -&amp;gt; xpath: (//div[contains(@class,&amp;quot;MuiList-root&amp;quot;)][contains(.,&amp;apos;Dashboard&amp;apos;)])[2]]
Session ID: 54fd560ba379c72d35c8b8c0d16c6b20">
      <![CDATA[org.openqa.selenium.ElementClickInterceptedException: element click intercepted: Element <div class="MuiList-root jss26 Cmt-nav-menu-item MuiList-padding">...</div> is not clickable at point (125, 185). Other element would receive the click: <div aria-hidden="true" style="z-index: -1; position: fixed; inset: 0px; background-color: transparent; -webkit-tap-highlight-color: transparent;"></div>
  (Session info: chrome=117.0.5938.132)
Build info: version: '4.11.0', revision: '040bc5406b'
System info: os.name: 'Windows 11', os.arch: 'amd64', os.version: '10.0', java.version: '17.0.7'
Driver info: org.openqa.selenium.chrome.ChromeDriver
Command: [54fd560ba379c72d35c8b8c0d16c6b20, clickElement {id=ECEEBE1DBFD135060A6DEB43E8B45904_element_24}]
Capabilities {acceptInsecureCerts: false, browserName: chrome, browserVersion: 117.0.5938.132, chrome: {chromedriverVersion: 117.0.5938.92 (67649b10b92b..., userDataDir: C:\Users\JKL-MA~1\AppData\L...}, fedcm:accounts: true, goog:chromeOptions: {debuggerAddress: localhost:58684}, networkConnectionEnabled: false, pageLoadStrategy: normal, platformName: windows, proxy: Proxy(), se:cdp: ws://localhost:58684/devtoo..., se:cdpVersion: 117.0.5938.132, setWindowRect: true, strictFileInteractability: false, timeouts: {implicit: 0, pageLoad: 300000, script: 30000}, unhandledPromptBehavior: dismiss and notify, webauthn:extension:credBlob: true, webauthn:extension:largeBlob: true, webauthn:extension:minPinLength: true, webauthn:extension:prf: true, webauthn:virtualAuthenticators: true}
Element: [[ChromeDriver: chrome on windows (54fd560ba379c72d35c8b8c0d16c6b20)] -> xpath: (//div[contains(@class,"MuiList-root")][contains(.,'Dashboard')])[2]]
Session ID: 54fd560ba379c72d35c8b8c0d16c6b20
at org.openqa.selenium.remote.codec.w3c.W3CHttpResponseCodec.createException(W3CHttpResponseCodec.java:200)
at org.openqa.selenium.remote.codec.w3c.W3CHttpResponseCodec.decode(W3CHttpResponseCodec.java:133)
at org.openqa.selenium.remote.codec.w3c.W3CHttpResponseCodec.decode(W3CHttpResponseCodec.java:52)
at org.openqa.selenium.remote.HttpCommandExecutor.execute(HttpCommandExecutor.java:191)
at org.openqa.selenium.remote.service.DriverCommandExecutor.invokeExecute(DriverCommandExecutor.java:196)
at org.openqa.selenium.remote.service.DriverCommandExecutor.execute(DriverCommandExecutor.java:171)
at org.openqa.selenium.remote.RemoteWebDriver.execute(RemoteWebDriver.java:518)
at org.openqa.selenium.remote.RemoteWebElement.execute(RemoteWebElement.java:224)
at org.openqa.selenium.remote.RemoteWebElement.click(RemoteWebElement.java:77)
at org.openqa.selenium.support.pagefactory.internal.LocatingElementHandler.invoke(LocatingElementHandler.java:51)
at jdk.proxy2/jdk.proxy2.$Proxy36.click(Unknown Source)
at com.p360.Main.pageObject.PO_Main_HomePage.clickOntabDashboard(PO_Main_HomePage.java:138)
at com.p360.Main.testCases.TC_Main_Packages.callMeBeforePerformAnyAction(TC_Main_Packages.java:192)
at com.p360.Main.testCases.TC_Main_Packages.test_Main_FindPackageCategoryFromListAndClickOnThreedotButton(TC_Main_Packages.java:152)
at com.p360.Main.testCases.TC_Main_Packages.test_Main_RestorePackageCategory(TC_Main_Packages.java:181)
at java.base/java.util.ArrayList.forEach(ArrayList.java:1511)
... Removed 36 stack frames]]>
    </failure>
  </testcase> <!-- test_Main_RestorePackageCategory -->
</testsuite> <!-- P360_UI_USER_MODULE -->
