<?xml version="1.0" encoding="UTF-8"?>
<!-- Generated by org.testng.reporters.JUnitXMLReporter -->
<testsuite ignored="0" hostname="DESKTOP-7AKMRUB" failures="2" tests="2" name="P360_UI_USER_MODULE" time="4.57" errors="0" timestamp="2023-08-31T19:31:50 IST">
  <testcase classname="com.p360.testCases.TC_LoginAndLogout" name="test_Login" time="0.0">
    <failure type="org.testng.TestNGException" message="
Cannot inject @Test annotated Method [test_Login] with [class java.lang.String, class java.lang.String].
For more information on native dependency injection please refer to https://testng.org/doc/documentation-main.html#native-dependency-injection">
      <![CDATA[org.testng.TestNGException: 
Cannot inject @Test annotated Method [test_Login] with [class java.lang.String, class java.lang.String].
For more information on native dependency injection please refer to https://testng.org/doc/documentation-main.html#native-dependency-injection
at java.base/java.util.ArrayList.forEach(ArrayList.java:1511)
... Removed 26 stack frames]]>
    </failure>
  </testcase> <!-- test_Login -->
  <testcase classname="com.p360.testCases.TC_LoginAndLogout" name="test_Logout" time="0.003">
    <failure type="java.lang.NullPointerException" message="Cannot invoke &amp;quot;com.p360.pageObject.PO_HomePage.Logout()&amp;quot; because &amp;quot;this.hp&amp;quot; is null">
      <![CDATA[java.lang.NullPointerException: Cannot invoke "com.p360.pageObject.PO_HomePage.Logout()" because "this.hp" is null
at com.p360.testCases.TC_LoginAndLogout.test_Logout(TC_LoginAndLogout.java:30)
at java.base/java.util.ArrayList.forEach(ArrayList.java:1511)
... Removed 27 stack frames]]>
    </failure>
  </testcase> <!-- test_Logout -->
</testsuite> <!-- P360_UI_USER_MODULE -->
