<?xml version="1.0" encoding="UTF-8"?>
<!-- Generated by org.testng.reporters.JUnitXMLReporter -->
<testsuite ignored="0" hostname="DESKTOP-7AKMRUB" failures="1" tests="3" name="P360_UI_USER_MODULE" time="44.418" errors="0" timestamp="2023-09-12T01:22:41 IST">
  <testcase classname="com.p360.testCases.TC_Membership" name="test_Login" time="11.537"/>
  <testcase classname="com.p360.testCases.TC_Membership" name="test_PauseMembership" time="18.243">
    <failure type="java.lang.AssertionError" message="Given date is not selected:  expected [true] but found [false]">
      <![CDATA[java.lang.AssertionError: Given date is not selected:  expected [true] but found [false]
at com.p360.projectUtility.DatePicker.DatePicker_GenericMethod_WhenDateGridOnlyPresent(DatePicker.java:423)
at com.p360.pageObject.PO_MembershipPage.setPauseMembershipStartDate(PO_MembershipPage.java:354)
at com.p360.pageObject.PO_MembershipPage.pasueMembership(PO_MembershipPage.java:457)
at com.p360.testCases.TC_Membership.test_PauseMembership(TC_Membership.java:75)
at java.base/java.util.ArrayList.forEach(ArrayList.java:1511)
... Removed 30 stack frames]]>
    </failure>
  </testcase> <!-- test_PauseMembership -->
  <testcase classname="com.p360.testCases.TC_Membership" name="test_Logout" time="8.585"/>
</testsuite> <!-- P360_UI_USER_MODULE -->
