<?xml version="1.0" encoding="UTF-8"?>
<!-- Generated by org.testng.reporters.JUnitXMLReporter -->
<testsuite ignored="0" hostname="DESKTOP-7AKMRUB" failures="0" tests="1" name="P360_UI_USER_MODULE" time="55.349" errors="0" timestamp="2023-09-19T19:27:36 IST">
  <testcase classname="com.p360.testCases.BaseClass" name="@AfterClass Logout" time="1.073">
    <failure type="java.lang.AssertionError" message="The following asserts failed:
	After logout it lookin for [Performance360] text expected [true] but found [false]">
      <![CDATA[java.lang.AssertionError: The following asserts failed:
After logout it lookin for [Performance360] text expected [true] but found [false]
at com.p360.Main.pageObject.PO_Main_HomePage.AdminLogout(PO_Main_HomePage.java:287)
at com.p360.testCases.BaseClass.Logout(BaseClass.java:131)
at java.base/java.util.ArrayList.forEach(ArrayList.java:1511)
... Removed 28 stack frames]]>
    </failure>
  </testcase> <!-- @AfterClass Logout -->
  <testcase classname="com.p360.Main.testCases.TC_Main_Users" name="test_Main_UnlockUserAccount" time="34.266"/>
</testsuite> <!-- P360_UI_USER_MODULE -->
