<?xml version="1.0" encoding="UTF-8"?>
<!-- Generated by org.testng.reporters.JUnitXMLReporter -->
<testsuite ignored="0" hostname="DESKTOP-7AKMRUB" failures="0" tests="2" name="P360_UI_USER_MODULE" time="86.275" errors="0" timestamp="2023-09-18T19:32:23 IST">
  <testcase classname="com.p360.Main.testCases.TC_Main_Users" name="test_Main_SearchAndViewUsersDetails" time="30.232"/>
  <testcase classname="com.p360.Main.testCases.TC_Main_Users" name="test_Main_PauseMembership" time="29.136"/>
</testsuite> <!-- P360_UI_USER_MODULE -->
