<?xml version="1.0" encoding="UTF-8"?>
<!-- Generated by org.testng.reporters.JUnitXMLReporter -->
<testsuite ignored="4" hostname="DESKTOP-7AKMRUB" failures="4" tests="8" name="P360_UI_USER_MODULE" time="382.482" errors="0" timestamp="2023-09-15T12:59:49 IST">
  <testcase classname="com.p360.testCases.TC_Home" name="test_HomePageElement" time="46.437"/>
  <testcase classname="com.p360.testCases.TC_Home" name="test_ChangeCardDetails" time="46.173">
    <failure type="java.lang.AssertionError" message="The following asserts failed:
	To check  card details changed or not expected [true] but found [false]">
      <![CDATA[java.lang.AssertionError: The following asserts failed:
To check  card details changed or not expected [true] but found [false]
at com.p360.pageObject.PO_HomePage.changeCardDetails(PO_HomePage.java:323)
at com.p360.testCases.TC_Home.test_ChangeCardDetails(TC_Home.java:38)
at java.base/java.util.ArrayList.forEach(ArrayList.java:1511)
... Removed 29 stack frames]]>
    </failure>
  </testcase> <!-- test_ChangeCardDetails -->
  <testcase classname="com.p360.testCases.TC_Membership" name="test_ChangeMembership" time="32.472"/>
  <testcase classname="com.p360.testCases.TC_Membership" name="test_CheckAgreedTerms" time="14.695"/>
  <testcase classname="com.p360.testCases.TC_Membership" name="test_PauseMembership" time="40.917">
    <failure type="java.lang.AssertionError" message="The following asserts failed:
	To check the pause membership expected [Pause Membership Successfully] but found [Memberships can only be paused once in a quarter]">
      <![CDATA[java.lang.AssertionError: The following asserts failed:
To check the pause membership expected [Pause Membership Successfully] but found [Memberships can only be paused once in a quarter]
at com.p360.pageObject.PO_MembershipPage.pasueMembership(PO_MembershipPage.java:505)
at com.p360.testCases.TC_Membership.test_PauseMembership(TC_Membership.java:60)
at java.base/java.util.ArrayList.forEach(ArrayList.java:1511)
... Removed 29 stack frames]]>
    </failure>
  </testcase> <!-- test_PauseMembership -->
  <testcase classname="com.p360.testCases.TC_Membership" name="test_ResumeMembership" time="8.96">
    <failure type="java.lang.AssertionError" message="The following asserts failed:
	Is clickOnResumeMembership Displayed expected [false] but found [true],
	Is clickOnBtnResumeMyMembership button Displayed expected [false] but found [true],
	To check is click on the confirm button or not expected [false] but found [true]">
      <![CDATA[java.lang.AssertionError: The following asserts failed:
Is clickOnResumeMembership Displayed expected [false] but found [true],
Is clickOnBtnResumeMyMembership button Displayed expected [false] but found [true],
To check is click on the confirm button or not expected [false] but found [true]
at com.p360.pageObject.PO_MembershipPage.resumeMembership(PO_MembershipPage.java:535)
at com.p360.testCases.TC_Membership.test_ResumeMembership(TC_Membership.java:67)
at java.base/java.util.ArrayList.forEach(ArrayList.java:1511)
... Removed 29 stack frames]]>
    </failure>
  </testcase> <!-- test_ResumeMembership -->
  <testcase classname="com.p360.testCases.TC_Classes" name="test_RegisterClass" time="38.68">
    <failure type="java.lang.AssertionError" message="The following asserts failed:
	You want to register a class but Register Class Button not present expected [true] but found [false]">
      <![CDATA[java.lang.AssertionError: The following asserts failed:
You want to register a class but Register Class Button not present expected [true] but found [false]
at com.p360.pageObject.PO_ClassesPage.registerClass(PO_ClassesPage.java:500)
at com.p360.testCases.TC_Classes.test_RegisterClass(TC_Classes.java:46)
at java.base/java.util.ArrayList.forEach(ArrayList.java:1511)
... Removed 29 stack frames]]>
    </failure>
  </testcase> <!-- test_RegisterClass -->
  <testcase classname="com.p360.testCases.TC_Classes" name="test_CancelRegisteredClass" time="83.229"/>
  <testcase classname="com.p360.testCases.BaseClass" name="@BeforeTest Setup" time="0.0">
    <ignored/>
  </testcase> <!-- @BeforeTest Setup -->
  <testcase classname="com.p360.testCases.BaseClass" name="@AfterTest Teardown" time="0.0">
    <ignored/>
  </testcase> <!-- @AfterTest Teardown -->
  <testcase classname="com.p360.testCases.BaseClass" name="@AfterTest Teardown" time="0.0">
    <ignored/>
  </testcase> <!-- @AfterTest Teardown -->
  <testcase classname="com.p360.testCases.BaseClass" name="@BeforeTest Setup" time="0.0">
    <ignored/>
  </testcase> <!-- @BeforeTest Setup -->
</testsuite> <!-- P360_UI_USER_MODULE -->
