<?xml version="1.0" encoding="UTF-8"?>
<!-- Generated by org.testng.reporters.JUnitXMLReporter -->
<testsuite ignored="0" hostname="DESKTOP-7AKMRUB" failures="1" tests="10" name="P360_UI_USER_MODULE" time="464.625" errors="0" timestamp="2023-09-13T19:22:58 IST">
  <testcase classname="com.p360.testCases.TC_AllInOne_UserModule" name="test_Login" time="16.785"/>
  <testcase classname="com.p360.testCases.TC_AllInOne_UserModule" name="test_HomePageElement" time="47.837"/>
  <testcase classname="com.p360.testCases.TC_AllInOne_UserModule" name="test_ChangeCardDetails" time="45.088">
    <failure type="java.lang.AssertionError" message="changeCardDetails expected [true] but found [false]">
      <![CDATA[java.lang.AssertionError: changeCardDetails expected [true] but found [false]
at com.p360.pageObject.PO_HomePage.changeCardDetails(PO_HomePage.java:313)
at com.p360.testCases.TC_AllInOne_UserModule.test_ChangeCardDetails(TC_AllInOne_UserModule.java:68)
at java.base/java.util.ArrayList.forEach(ArrayList.java:1511)
... Removed 30 stack frames]]>
    </failure>
  </testcase> <!-- test_ChangeCardDetails -->
  <testcase classname="com.p360.testCases.TC_AllInOne_UserModule" name="test_RegisterClass" time="109.644"/>
  <testcase classname="com.p360.testCases.TC_AllInOne_UserModule" name="test_CancelRegisteredClass" time="101.991"/>
  <testcase classname="com.p360.testCases.TC_AllInOne_UserModule" name="test_ChangeMembership" time="33.743"/>
  <testcase classname="com.p360.testCases.TC_AllInOne_UserModule" name="test_CheckAgreedTerms" time="15.2"/>
  <testcase classname="com.p360.testCases.TC_AllInOne_UserModule" name="test_PauseMembership" time="40.771"/>
  <testcase classname="com.p360.testCases.TC_AllInOne_UserModule" name="test_ResumeMembership" time="24.325"/>
  <testcase classname="com.p360.testCases.TC_AllInOne_UserModule" name="test_Logout" time="14.011"/>
</testsuite> <!-- P360_UI_USER_MODULE -->
