<?xml version="1.0" encoding="UTF-8"?>
<!-- Generated by org.testng.reporters.JUnitXMLReporter -->
<testsuite ignored="0" hostname="DESKTOP-7AKMRUB" failures="0" tests="1" name="P360_UI_USER_MODULE" time="41.876" errors="0" timestamp="2023-10-04T22:08:32 IST">
  <testcase classname="com.p360.testCases.BaseClass" name="@BeforeClass Login" time="36.209">
    <failure type="java.lang.AssertionError" message="The following asserts failed:
	expected [To check the login] but found [false]">
      <![CDATA[java.lang.AssertionError: The following asserts failed:
expected [To check the login] but found [false]
at com.p360.pageObject.PO_LoginPage.AdminLogin(PO_LoginPage.java:153)
at com.p360.testCases.BaseClass.Login(BaseClass.java:118)
at java.base/java.util.ArrayList.forEach(ArrayList.java:1511)
... Removed 27 stack frames]]>
    </failure>
  </testcase> <!-- @BeforeClass Login -->
  <testcase classname="com.p360.testCases.BaseClass" name="@AfterClass Logout" time="0.0">
    <skipped/>
  </testcase> <!-- @AfterClass Logout -->
  <testcase classname="com.p360.Main.testCases.TC_Main_Payments" name="test_Main_CheckPaymentUserDetails" time="0.001">
    <skipped/>
  </testcase> <!-- test_Main_CheckPaymentUserDetails -->
</testsuite> <!-- P360_UI_USER_MODULE -->
