<?xml version="1.0" encoding="UTF-8"?>
<!-- Generated by org.testng.reporters.JUnitXMLReporter -->
<testsuite ignored="0" hostname="DESKTOP-7AKMRUB" failures="0" tests="4" name="P360_UI_USER_MODULE" time="104.949" errors="0" timestamp="2023-09-11T13:02:52 IST">
  <testcase classname="com.p360.testCases.TC_Home" name="test_Login" time="11.876"/>
  <testcase classname="com.p360.testCases.TC_Home" name="test_HomePageElement" time="42.331"/>
  <testcase classname="com.p360.testCases.TC_Home" name="test_ChangeCardDetails" time="35.757"/>
  <testcase classname="com.p360.testCases.TC_Home" name="test_Logout" time="10.201"/>
</testsuite> <!-- P360_UI_USER_MODULE -->
