<?xml version="1.0" encoding="UTF-8"?>
<!-- Generated by org.testng.reporters.JUnitXMLReporter -->
<testsuite ignored="0" hostname="DESKTOP-7AKMRUB" failures="0" tests="3" name="P360_UI_USER_MODULE" time="44.021" errors="0" timestamp="2023-09-04T19:14:36 IST">
  <testcase classname="com.p360.testCases.TC_Classes" name="test_Login" time="12.6"/>
  <testcase classname="com.p360.testCases.TC_Classes" name="test_CancelRegisteredClass" time="16.559"/>
  <testcase classname="com.p360.testCases.TC_Classes" name="test_Logout" time="10.576"/>
</testsuite> <!-- P360_UI_USER_MODULE -->
