<?xml version="1.0" encoding="UTF-8"?>
<!-- Generated by org.testng.reporters.JUnitXMLReporter -->
<testsuite ignored="0" hostname="DESKTOP-7AKMRUB" failures="0" tests="2" name="P360_UI_USER_MODULE" time="89.21" errors="0" timestamp="2023-10-03T17:11:33 IST">
  <testcase classname="com.p360.Main.testCases.TC_Main_Movements" name="test_Main_DeactivateMovement" time="31.446"/>
  <testcase classname="com.p360.Main.testCases.TC_Main_Movements" name="test_Main_ActivateMovement" time="31.511"/>
</testsuite> <!-- P360_UI_USER_MODULE -->
