<?xml version="1.0" encoding="UTF-8"?>
<!-- Generated by org.testng.reporters.JUnitXMLReporter -->
<testsuite ignored="0" hostname="DESKTOP-7AKMRUB" failures="0" tests="2" name="P360_UI_USER_MODULE" time="101.327" errors="0" timestamp="2023-09-14T15:26:36 IST">
  <testcase classname="com.p360.testCases.TC_AllInOne_UserModule" name="test_HomePageElement" time="45.721"/>
  <testcase classname="com.p360.testCases.TC_AllInOne_UserModule" name="test_ChangeCardDetails" time="30.312"/>
</testsuite> <!-- P360_UI_USER_MODULE -->
