<?xml version="1.0" encoding="UTF-8"?>
<!-- Generated by org.testng.reporters.JUnitXMLReporter -->
<testsuite ignored="0" hostname="DESKTOP-7AKMRUB" failures="2" tests="3" name="P360_UI_USER_MODULE" time="33.074" errors="0" timestamp="2023-09-02T15:07:30 IST">
  <testcase classname="com.p360.Main.testCases.TC_Main_Home" name="test_Login" time="14.457">
    <failure type="java.lang.AssertionError" message="expected [true] but found [false]">
      <![CDATA[java.lang.AssertionError: expected [true] but found [false]
at com.p360.User.pageObject.PO_LoginPage.Login(PO_LoginPage.java:106)
at com.p360.Main.testCases.TC_Main_Home.test_Login(TC_Main_Home.java:28)
at java.base/java.util.ArrayList.forEach(ArrayList.java:1511)
... Removed 31 stack frames]]>
    </failure>
  </testcase> <!-- test_Login -->
  <testcase classname="com.p360.Main.testCases.TC_Main_Home" name="test_MainHomePageTabTesting" time="0.015">
    <failure type="java.lang.NullPointerException" message="Cannot invoke &amp;quot;com.p360.Main.PageObject.PO_Main_HomePage.mainHomePageTesting()&amp;quot; because &amp;quot;this.mhp&amp;quot; is null">
      <![CDATA[java.lang.NullPointerException: Cannot invoke "com.p360.Main.PageObject.PO_Main_HomePage.mainHomePageTesting()" because "this.mhp" is null
at com.p360.Main.testCases.TC_Main_Home.test_MainHomePageTabTesting(TC_Main_Home.java:34)
at java.base/java.util.ArrayList.forEach(ArrayList.java:1511)
... Removed 27 stack frames]]>
    </failure>
  </testcase> <!-- test_MainHomePageTabTesting -->
  <testcase classname="com.p360.Main.testCases.TC_Main_Home" name="test_Logout" time="0.0">
    <skipped/>
  </testcase> <!-- test_Logout -->
</testsuite> <!-- P360_UI_USER_MODULE -->
