<?xml version="1.0" encoding="UTF-8"?>
<!-- Generated by org.testng.reporters.JUnitXMLReporter -->
<testsuite ignored="0" hostname="DESKTOP-7AKMRUB" failures="1" tests="3" name="P360_UI_USER_MODULE" time="37.521" errors="0" timestamp="2023-09-01T19:15:03 IST">
  <testcase classname="com.p360.testCases.TC_Membership" name="test_Login" time="11.876"/>
  <testcase classname="com.p360.testCases.TC_Membership" name="test_ChangeMembership" time="19.04"/>
  <testcase classname="com.p360.testCases.TC_Membership" name="test_Logout" time="1.117">
    <failure type="org.openqa.selenium.ElementClickInterceptedException" message="element click intercepted: Element &amp;lt;span class=&amp;quot;jss28 Cmt-nav-text&amp;quot;&amp;gt;...&amp;lt;/span&amp;gt; is not clickable at point (146, 140). Other element would receive the click: &amp;lt;div class=&amp;quot;MuiBackdrop-root&amp;quot; aria-hidden=&amp;quot;true&amp;quot; style=&amp;quot;opacity: 1; transition: opacity 225ms cubic-bezier(0.4, 0, 0.2, 1) 0ms;&amp;quot;&amp;gt;&amp;lt;/div&amp;gt;
  (Session info: chrome=116.0.5845.141)
Build info: version: &amp;apos;4.11.0&amp;apos;, revision: &amp;apos;040bc5406b&amp;apos;
System info: os.name: &amp;apos;Windows 11&amp;apos;, os.arch: &amp;apos;amd64&amp;apos;, os.version: &amp;apos;10.0&amp;apos;, java.version: &amp;apos;17.0.7&amp;apos;
Driver info: org.openqa.selenium.chrome.ChromeDriver
Command: [ce41cdc71ea4b60825c7e3d07f81d179, clickElement {id=C1AF0F5EEE795B0A56EB1998C8A949AC_element_54}]
Capabilities {acceptInsecureCerts: false, browserName: chrome, browserVersion: 116.0.5845.141, chrome: {chromedriverVersion: 116.0.5845.96 (1a3918166880..., userDataDir: C:\Users\JKL-MA~1\AppData\L...}, fedcm:accounts: true, goog:chromeOptions: {debuggerAddress: localhost:58461}, networkConnectionEnabled: false, pageLoadStrategy: normal, platformName: windows, proxy: Proxy(), se:cdp: ws://localhost:58461/devtoo..., se:cdpVersion: 116.0.5845.141, setWindowRect: true, strictFileInteractability: false, timeouts: {implicit: 0, pageLoad: 300000, script: 30000}, unhandledPromptBehavior: dismiss and notify, webauthn:extension:credBlob: true, webauthn:extension:largeBlob: true, webauthn:extension:minPinLength: true, webauthn:extension:prf: true, webauthn:virtualAuthenticators: true}
Element: [[ChromeDriver: chrome on windows (ce41cdc71ea4b60825c7e3d07f81d179)] -&amp;gt; xpath: //span[normalize-space()=&amp;apos;Dashboard&amp;apos;]]
Session ID: ce41cdc71ea4b60825c7e3d07f81d179">
      <![CDATA[org.openqa.selenium.ElementClickInterceptedException: element click intercepted: Element <span class="jss28 Cmt-nav-text">...</span> is not clickable at point (146, 140). Other element would receive the click: <div class="MuiBackdrop-root" aria-hidden="true" style="opacity: 1; transition: opacity 225ms cubic-bezier(0.4, 0, 0.2, 1) 0ms;"></div>
  (Session info: chrome=116.0.5845.141)
Build info: version: '4.11.0', revision: '040bc5406b'
System info: os.name: 'Windows 11', os.arch: 'amd64', os.version: '10.0', java.version: '17.0.7'
Driver info: org.openqa.selenium.chrome.ChromeDriver
Command: [ce41cdc71ea4b60825c7e3d07f81d179, clickElement {id=C1AF0F5EEE795B0A56EB1998C8A949AC_element_54}]
Capabilities {acceptInsecureCerts: false, browserName: chrome, browserVersion: 116.0.5845.141, chrome: {chromedriverVersion: 116.0.5845.96 (1a3918166880..., userDataDir: C:\Users\JKL-MA~1\AppData\L...}, fedcm:accounts: true, goog:chromeOptions: {debuggerAddress: localhost:58461}, networkConnectionEnabled: false, pageLoadStrategy: normal, platformName: windows, proxy: Proxy(), se:cdp: ws://localhost:58461/devtoo..., se:cdpVersion: 116.0.5845.141, setWindowRect: true, strictFileInteractability: false, timeouts: {implicit: 0, pageLoad: 300000, script: 30000}, unhandledPromptBehavior: dismiss and notify, webauthn:extension:credBlob: true, webauthn:extension:largeBlob: true, webauthn:extension:minPinLength: true, webauthn:extension:prf: true, webauthn:virtualAuthenticators: true}
Element: [[ChromeDriver: chrome on windows (ce41cdc71ea4b60825c7e3d07f81d179)] -> xpath: //span[normalize-space()='Dashboard']]
Session ID: ce41cdc71ea4b60825c7e3d07f81d179
at org.openqa.selenium.remote.codec.w3c.W3CHttpResponseCodec.createException(W3CHttpResponseCodec.java:200)
at org.openqa.selenium.remote.codec.w3c.W3CHttpResponseCodec.decode(W3CHttpResponseCodec.java:133)
at org.openqa.selenium.remote.codec.w3c.W3CHttpResponseCodec.decode(W3CHttpResponseCodec.java:52)
at org.openqa.selenium.remote.HttpCommandExecutor.execute(HttpCommandExecutor.java:191)
at org.openqa.selenium.remote.service.DriverCommandExecutor.invokeExecute(DriverCommandExecutor.java:196)
at org.openqa.selenium.remote.service.DriverCommandExecutor.execute(DriverCommandExecutor.java:171)
at org.openqa.selenium.remote.RemoteWebDriver.execute(RemoteWebDriver.java:518)
at org.openqa.selenium.remote.RemoteWebElement.execute(RemoteWebElement.java:224)
at org.openqa.selenium.remote.RemoteWebElement.click(RemoteWebElement.java:77)
at org.openqa.selenium.support.pagefactory.internal.LocatingElementHandler.invoke(LocatingElementHandler.java:51)
at jdk.proxy2/jdk.proxy2.$Proxy34.click(Unknown Source)
at com.p360.ReUseAble.PageObject.ReUseAbleElement.clickMenuDashBoard_RU(ReUseAbleElement.java:47)
at com.p360.pageObject.PO_HomePage.Logout(PO_HomePage.java:174)
at com.p360.testCases.TC_Membership.test_Logout(TC_Membership.java:76)
at java.base/java.util.ArrayList.forEach(ArrayList.java:1511)
... Removed 36 stack frames]]>
    </failure>
  </testcase> <!-- test_Logout -->
</testsuite> <!-- P360_UI_USER_MODULE -->
