<?xml version="1.0" encoding="UTF-8"?>
<!-- Generated by org.testng.reporters.JUnitXMLReporter -->
<testsuite ignored="0" hostname="DESKTOP-7AKMRUB" failures="3" tests="7" name="P360_UI_USER_MODULE" time="317.715" errors="0" timestamp="2023-09-15T17:14:33 IST">
  <testcase classname="com.p360.testCases.TC_Home" name="test_ChangeCardDetails" time="30.45"/>
  <testcase classname="com.p360.testCases.TC_Membership" name="test_ChangeMembership" time="32.346"/>
  <testcase classname="com.p360.testCases.TC_Membership" name="test_CheckAgreedTerms" time="14.594"/>
  <testcase classname="com.p360.testCases.TC_Membership" name="test_PauseMembership" time="32.919">
    <failure type="java.lang.AssertionError" message="The following asserts failed:
	To check the pause membership expected [Pause Membership Successfully] but found [Memberships can only be paused once in a quarter]">
      <![CDATA[java.lang.AssertionError: The following asserts failed:
To check the pause membership expected [Pause Membership Successfully] but found [Memberships can only be paused once in a quarter]
at com.p360.pageObject.PO_MembershipPage.pasueMembership(PO_MembershipPage.java:505)
at com.p360.testCases.TC_Membership.test_PauseMembership(TC_Membership.java:60)
at java.base/java.util.ArrayList.forEach(ArrayList.java:1511)
... Removed 29 stack frames]]>
    </failure>
  </testcase> <!-- test_PauseMembership -->
  <testcase classname="com.p360.testCases.TC_Membership" name="test_ResumeMembership" time="9.002">
    <failure type="java.lang.AssertionError" message="The following asserts failed:
	Is clickOnResumeMembership Displayed expected [false] but found [true],
	Is clickOnBtnResumeMyMembership button Displayed expected [false] but found [true],
	To check is click on the confirm button or not expected [false] but found [true]">
      <![CDATA[java.lang.AssertionError: The following asserts failed:
Is clickOnResumeMembership Displayed expected [false] but found [true],
Is clickOnBtnResumeMyMembership button Displayed expected [false] but found [true],
To check is click on the confirm button or not expected [false] but found [true]
at com.p360.pageObject.PO_MembershipPage.resumeMembership(PO_MembershipPage.java:535)
at com.p360.testCases.TC_Membership.test_ResumeMembership(TC_Membership.java:67)
at java.base/java.util.ArrayList.forEach(ArrayList.java:1511)
... Removed 29 stack frames]]>
    </failure>
  </testcase> <!-- test_ResumeMembership -->
  <testcase classname="com.p360.testCases.TC_Classes" name="test_RegisterClass" time="38.698">
    <failure type="java.lang.AssertionError" message="The following asserts failed:
	You want to register a class but Register Class Button not present expected [true] but found [false]">
      <![CDATA[java.lang.AssertionError: The following asserts failed:
You want to register a class but Register Class Button not present expected [true] but found [false]
at com.p360.pageObject.PO_ClassesPage.registerClass(PO_ClassesPage.java:500)
at com.p360.testCases.TC_Classes.test_RegisterClass(TC_Classes.java:46)
at java.base/java.util.ArrayList.forEach(ArrayList.java:1511)
... Removed 29 stack frames]]>
    </failure>
  </testcase> <!-- test_RegisterClass -->
  <testcase classname="com.p360.testCases.TC_Classes" name="test_CancelRegisteredClass" time="83.071"/>
</testsuite> <!-- P360_UI_USER_MODULE -->
