<?xml version="1.0" encoding="UTF-8"?>
<!-- Generated by org.testng.reporters.JUnitXMLReporter -->
<testsuite ignored="0" hostname="DESKTOP-7AKMRUB" failures="0" tests="2" name="P360_UI_USER_MODULE" time="71.975" errors="0" timestamp="2023-10-03T17:40:01 IST">
  <testcase classname="com.p360.Main.testCases.TC_Main_Movements" name="test_Main_AssignMovementToDate" time="25.787"/>
  <testcase classname="com.p360.Main.testCases.TC_Main_Movements" name="test_Main_removedAssignedMovementFromDate" time="20.798"/>
</testsuite> <!-- P360_UI_USER_MODULE -->
