<?xml version="1.0" encoding="UTF-8"?>
<testng-results ignored="0" total="3" passed="2" failed="1" skipped="0">
  <reporter-output>
  </reporter-output>
  <suite started-at="2023-09-08T19:03:30 IST" name="Suite" finished-at="2023-09-08T19:04:37 IST" duration-ms="66541">
    <groups>
    </groups>
    <test started-at="2023-09-08T19:03:30 IST" name="P360_UI_USER_MODULE" finished-at="2023-09-08T19:04:37 IST" duration-ms="66541">
      <class name="com.p360.testCases.TC_Membership">
        <test-method is-config="true" signature="setup(java.lang.String)[pri:0, instance:com.p360.testCases.TC_Membership@295eaa7c]" started-at="2023-09-08T19:03:30 IST" name="setup" finished-at="2023-09-08T19:03:34 IST" duration-ms="3954" status="PASS">
          <params>
            <param index="0">
              <value>
                <![CDATA[chrome]]>
              </value>
            </param>
          </params>
          <reporter-output>
          </reporter-output>
        </test-method> <!-- setup -->
        <test-method signature="test_Login()[pri:1, instance:com.p360.testCases.TC_Membership@295eaa7c]" started-at="2023-09-08T19:03:34 IST" name="test_Login" finished-at="2023-09-08T19:03:48 IST" duration-ms="13325" status="PASS">
          <reporter-output>
          </reporter-output>
        </test-method> <!-- test_Login -->
        <test-method signature="test_ChangeMembership(java.lang.String,java.lang.String,java.lang.String,java.lang.String)[pri:2, instance:com.p360.testCases.TC_Membership@295eaa7c]" started-at="2023-09-08T19:03:48 IST" name="test_ChangeMembership" data-provider="TC_ChangeMembership" finished-at="2023-09-08T19:04:27 IST" depends-on-methods="com.p360.testCases.TC_Membership.test_Login" duration-ms="38131" status="PASS">
          <params>
            <param index="0">
              <value>
                <![CDATA[All]]>
              </value>
            </param>
            <param index="1">
              <value>
                <![CDATA[Westwood Packages One Time]]>
              </value>
            </param>
            <param index="2">
              <value>
                <![CDATA[Custom Date]]>
              </value>
            </param>
            <param index="3">
              <value>
                <![CDATA[8 September 2023]]>
              </value>
            </param>
          </params>
          <reporter-output>
          </reporter-output>
        </test-method> <!-- test_ChangeMembership -->
        <test-method signature="test_Logout()[pri:10, instance:com.p360.testCases.TC_Membership@295eaa7c]" started-at="2023-09-08T19:04:27 IST" name="test_Logout" finished-at="2023-09-08T19:04:28 IST" depends-on-methods="com.p360.testCases.TC_Membership.test_Login" duration-ms="1069" status="FAIL">
          <exception class="org.openqa.selenium.ElementClickInterceptedException">
            <message>
              <![CDATA[element click intercepted: Element <span class="jss28 Cmt-nav-text">...</span> is not clickable at point (146, 140). Other element would receive the click: <div class="MuiBackdrop-root" aria-hidden="true" style="opacity: 1; transition: opacity 225ms cubic-bezier(0.4, 0, 0.2, 1) 0ms;"></div>
  (Session info: chrome=116.0.5845.141)
Build info: version: '4.11.0', revision: '040bc5406b'
System info: os.name: 'Windows 11', os.arch: 'amd64', os.version: '10.0', java.version: '17.0.7'
Driver info: org.openqa.selenium.chrome.ChromeDriver
Command: [d8f391a1f5405971388634acdb8913e1, clickElement {id=18383F357454B47D1F0AB79D6E1124BE_element_57}]
Capabilities {acceptInsecureCerts: false, browserName: chrome, browserVersion: 116.0.5845.141, chrome: {chromedriverVersion: 116.0.5845.96 (1a3918166880..., userDataDir: C:\Users\JKL-MA~1\AppData\L...}, fedcm:accounts: true, goog:chromeOptions: {debuggerAddress: localhost:53357}, networkConnectionEnabled: false, pageLoadStrategy: normal, platformName: windows, proxy: Proxy(), se:cdp: ws://localhost:53357/devtoo..., se:cdpVersion: 116.0.5845.141, setWindowRect: true, strictFileInteractability: false, timeouts: {implicit: 0, pageLoad: 300000, script: 30000}, unhandledPromptBehavior: dismiss and notify, webauthn:extension:credBlob: true, webauthn:extension:largeBlob: true, webauthn:extension:minPinLength: true, webauthn:extension:prf: true, webauthn:virtualAuthenticators: true}
Element: [[ChromeDriver: chrome on windows (d8f391a1f5405971388634acdb8913e1)] -> xpath: //span[normalize-space()='Dashboard']]
Session ID: d8f391a1f5405971388634acdb8913e1]]>
            </message>
            <full-stacktrace>
              <![CDATA[org.openqa.selenium.ElementClickInterceptedException: element click intercepted: Element <span class="jss28 Cmt-nav-text">...</span> is not clickable at point (146, 140). Other element would receive the click: <div class="MuiBackdrop-root" aria-hidden="true" style="opacity: 1; transition: opacity 225ms cubic-bezier(0.4, 0, 0.2, 1) 0ms;"></div>
  (Session info: chrome=116.0.5845.141)
Build info: version: '4.11.0', revision: '040bc5406b'
System info: os.name: 'Windows 11', os.arch: 'amd64', os.version: '10.0', java.version: '17.0.7'
Driver info: org.openqa.selenium.chrome.ChromeDriver
Command: [d8f391a1f5405971388634acdb8913e1, clickElement {id=18383F357454B47D1F0AB79D6E1124BE_element_57}]
Capabilities {acceptInsecureCerts: false, browserName: chrome, browserVersion: 116.0.5845.141, chrome: {chromedriverVersion: 116.0.5845.96 (1a3918166880..., userDataDir: C:\Users\JKL-MA~1\AppData\L...}, fedcm:accounts: true, goog:chromeOptions: {debuggerAddress: localhost:53357}, networkConnectionEnabled: false, pageLoadStrategy: normal, platformName: windows, proxy: Proxy(), se:cdp: ws://localhost:53357/devtoo..., se:cdpVersion: 116.0.5845.141, setWindowRect: true, strictFileInteractability: false, timeouts: {implicit: 0, pageLoad: 300000, script: 30000}, unhandledPromptBehavior: dismiss and notify, webauthn:extension:credBlob: true, webauthn:extension:largeBlob: true, webauthn:extension:minPinLength: true, webauthn:extension:prf: true, webauthn:virtualAuthenticators: true}
Element: [[ChromeDriver: chrome on windows (d8f391a1f5405971388634acdb8913e1)] -> xpath: //span[normalize-space()='Dashboard']]
Session ID: d8f391a1f5405971388634acdb8913e1
at java.base/jdk.internal.reflect.NativeConstructorAccessorImpl.newInstance0(Native Method)
at java.base/jdk.internal.reflect.NativeConstructorAccessorImpl.newInstance(NativeConstructorAccessorImpl.java:77)
at java.base/jdk.internal.reflect.DelegatingConstructorAccessorImpl.newInstance(DelegatingConstructorAccessorImpl.java:45)
at java.base/java.lang.reflect.Constructor.newInstanceWithCaller(Constructor.java:499)
at java.base/java.lang.reflect.Constructor.newInstance(Constructor.java:480)
at org.openqa.selenium.remote.codec.w3c.W3CHttpResponseCodec.createException(W3CHttpResponseCodec.java:200)
at org.openqa.selenium.remote.codec.w3c.W3CHttpResponseCodec.decode(W3CHttpResponseCodec.java:133)
at org.openqa.selenium.remote.codec.w3c.W3CHttpResponseCodec.decode(W3CHttpResponseCodec.java:52)
at org.openqa.selenium.remote.HttpCommandExecutor.execute(HttpCommandExecutor.java:191)
at org.openqa.selenium.remote.service.DriverCommandExecutor.invokeExecute(DriverCommandExecutor.java:196)
at org.openqa.selenium.remote.service.DriverCommandExecutor.execute(DriverCommandExecutor.java:171)
at org.openqa.selenium.remote.RemoteWebDriver.execute(RemoteWebDriver.java:518)
at org.openqa.selenium.remote.RemoteWebElement.execute(RemoteWebElement.java:224)
at org.openqa.selenium.remote.RemoteWebElement.click(RemoteWebElement.java:77)
at java.base/jdk.internal.reflect.NativeMethodAccessorImpl.invoke0(Native Method)
at java.base/jdk.internal.reflect.NativeMethodAccessorImpl.invoke(NativeMethodAccessorImpl.java:77)
at java.base/jdk.internal.reflect.DelegatingMethodAccessorImpl.invoke(DelegatingMethodAccessorImpl.java:43)
at java.base/java.lang.reflect.Method.invoke(Method.java:568)
at org.openqa.selenium.support.pagefactory.internal.LocatingElementHandler.invoke(LocatingElementHandler.java:51)
at jdk.proxy2/jdk.proxy2.$Proxy35.click(Unknown Source)
at com.p360.ReUseAble.PageObject.ReUseAbleElement.clickMenuDashBoard_RU(ReUseAbleElement.java:75)
at com.p360.pageObject.PO_HomePage.Logout(PO_HomePage.java:191)
at com.p360.testCases.TC_Membership.test_Logout(TC_Membership.java:82)
at java.base/jdk.internal.reflect.NativeMethodAccessorImpl.invoke0(Native Method)
at java.base/jdk.internal.reflect.NativeMethodAccessorImpl.invoke(NativeMethodAccessorImpl.java:77)
at java.base/jdk.internal.reflect.DelegatingMethodAccessorImpl.invoke(DelegatingMethodAccessorImpl.java:43)
at java.base/java.lang.reflect.Method.invoke(Method.java:568)
at org.testng.internal.invokers.MethodInvocationHelper.invokeMethod(MethodInvocationHelper.java:139)
at org.testng.internal.invokers.TestInvoker.invokeMethod(TestInvoker.java:664)
at org.testng.internal.invokers.TestInvoker.invokeTestMethod(TestInvoker.java:227)
at org.testng.internal.invokers.MethodRunner.runInSequence(MethodRunner.java:50)
at org.testng.internal.invokers.TestInvoker$MethodInvocationAgent.invoke(TestInvoker.java:957)
at org.testng.internal.invokers.TestInvoker.invokeTestMethods(TestInvoker.java:200)
at org.testng.internal.invokers.TestMethodWorker.invokeTestMethods(TestMethodWorker.java:148)
at org.testng.internal.invokers.TestMethodWorker.run(TestMethodWorker.java:128)
at java.base/java.util.ArrayList.forEach(ArrayList.java:1511)
at org.testng.TestRunner.privateRun(TestRunner.java:848)
at org.testng.TestRunner.run(TestRunner.java:621)
at org.testng.SuiteRunner.runTest(SuiteRunner.java:443)
at org.testng.SuiteRunner.runSequentially(SuiteRunner.java:437)
at org.testng.SuiteRunner.privateRun(SuiteRunner.java:397)
at org.testng.SuiteRunner.run(SuiteRunner.java:336)
at org.testng.SuiteRunnerWorker.runSuite(SuiteRunnerWorker.java:52)
at org.testng.SuiteRunnerWorker.run(SuiteRunnerWorker.java:95)
at org.testng.TestNG.runSuitesSequentially(TestNG.java:1280)
at org.testng.TestNG.runSuitesLocally(TestNG.java:1200)
at org.testng.TestNG.runSuites(TestNG.java:1114)
at org.testng.TestNG.run(TestNG.java:1082)
at org.testng.remote.AbstractRemoteTestNG.run(AbstractRemoteTestNG.java:115)
at org.testng.remote.RemoteTestNG.initAndRun(RemoteTestNG.java:251)
at org.testng.remote.RemoteTestNG.main(RemoteTestNG.java:77)
]]>
            </full-stacktrace>
          </exception> <!-- org.openqa.selenium.ElementClickInterceptedException -->
          <reporter-output>
          </reporter-output>
        </test-method> <!-- test_Logout -->
        <test-method is-config="true" signature="teardown()[pri:0, instance:com.p360.testCases.TC_Membership@295eaa7c]" started-at="2023-09-08T19:04:36 IST" name="teardown" finished-at="2023-09-08T19:04:37 IST" duration-ms="601" status="PASS">
          <reporter-output>
          </reporter-output>
        </test-method> <!-- teardown -->
      </class> <!-- com.p360.testCases.TC_Membership -->
    </test> <!-- P360_UI_USER_MODULE -->
  </suite> <!-- Suite -->
</testng-results>
