<?xml version="1.0" encoding="UTF-8"?>
<testng-results ignored="0" total="1" passed="1" failed="0" skipped="0">
  <reporter-output>
  </reporter-output>
  <suite started-at="2023-09-20T23:26:23 IST" name="Suite" finished-at="2023-09-20T23:27:26 IST" duration-ms="62777">
    <groups>
    </groups>
    <test started-at="2023-09-20T23:26:23 IST" name="P360_UI_USER_MODULE" finished-at="2023-09-20T23:27:26 IST" duration-ms="62777">
      <class name="com.p360.Main.testCases.TC_Main_Packages">
        <test-method is-config="true" signature="Setup(java.lang.String)[pri:0, instance:com.p360.Main.testCases.TC_Main_Packages@1e00bfe2]" started-at="2023-09-20T23:26:24 IST" name="Setup" finished-at="2023-09-20T23:26:27 IST" duration-ms="3186" status="PASS">
          <params>
            <param index="0">
              <value>
                <![CDATA[chrome]]>
              </value>
            </param>
          </params>
          <reporter-output>
          </reporter-output>
        </test-method> <!-- Setup -->
        <test-method is-config="true" signature="Login(java.lang.String)[pri:0, instance:com.p360.Main.testCases.TC_Main_Packages@1e00bfe2]" started-at="2023-09-20T23:26:27 IST" name="Login" finished-at="2023-09-20T23:26:39 IST" duration-ms="12498" status="PASS">
          <params>
            <param index="0">
              <value>
                <![CDATA[admin]]>
              </value>
            </param>
          </params>
          <reporter-output>
          </reporter-output>
        </test-method> <!-- Login -->
        <test-method signature="test_Main_ViewPackageReport()[pri:7, instance:com.p360.Main.testCases.TC_Main_Packages@1e00bfe2]" started-at="2023-09-20T23:26:39 IST" name="test_Main_ViewPackageReport" finished-at="2023-09-20T23:27:15 IST" duration-ms="35882" status="PASS">
          <reporter-output>
          </reporter-output>
        </test-method> <!-- test_Main_ViewPackageReport -->
        <test-method is-config="true" signature="Logout(java.lang.String)[pri:0, instance:com.p360.Main.testCases.TC_Main_Packages@1e00bfe2]" started-at="2023-09-20T23:27:15 IST" name="Logout" finished-at="2023-09-20T23:27:26 IST" duration-ms="10376" status="PASS">
          <params>
            <param index="0">
              <value>
                <![CDATA[admin]]>
              </value>
            </param>
          </params>
          <reporter-output>
          </reporter-output>
        </test-method> <!-- Logout -->
        <test-method is-config="true" signature="Teardown()[pri:0, instance:com.p360.Main.testCases.TC_Main_Packages@1e00bfe2]" started-at="2023-09-20T23:27:26 IST" name="Teardown" finished-at="2023-09-20T23:27:26 IST" duration-ms="546" status="PASS">
          <reporter-output>
          </reporter-output>
        </test-method> <!-- Teardown -->
      </class> <!-- com.p360.Main.testCases.TC_Main_Packages -->
    </test> <!-- P360_UI_USER_MODULE -->
  </suite> <!-- Suite -->
</testng-results>
