<?xml version="1.0" encoding="UTF-8"?>
<testng-results ignored="0" total="3" passed="3" failed="0" skipped="0">
  <reporter-output>
  </reporter-output>
  <suite started-at="2023-09-04T12:32:13 IST" name="Suite" finished-at="2023-09-04T12:33:52 IST" duration-ms="98210">
    <groups>
    </groups>
    <test started-at="2023-09-04T12:32:13 IST" name="P360_UI_USER_MODULE" finished-at="2023-09-04T12:33:52 IST" duration-ms="98210">
      <class name="com.p360.Main.testCases.TC_Main_Users">
        <test-method is-config="true" signature="setup(java.lang.String)[pri:0, instance:com.p360.Main.testCases.TC_Main_Users@460b50df]" started-at="2023-09-04T12:32:14 IST" name="setup" finished-at="2023-09-04T12:32:17 IST" duration-ms="3378" status="PASS">
          <params>
            <param index="0">
              <value>
                <![CDATA[chrome]]>
              </value>
            </param>
          </params>
          <reporter-output>
          </reporter-output>
        </test-method> <!-- setup -->
        <test-method signature="test_Login()[pri:1, instance:com.p360.Main.testCases.TC_Main_Users@460b50df]" started-at="2023-09-04T12:32:17 IST" name="test_Login" finished-at="2023-09-04T12:32:30 IST" duration-ms="12711" status="PASS">
          <reporter-output>
          </reporter-output>
        </test-method> <!-- test_Login -->
        <test-method signature="test_Main_AddMember()[pri:2, instance:com.p360.Main.testCases.TC_Main_Users@460b50df]" started-at="2023-09-04T12:32:30 IST" name="test_Main_AddMember" finished-at="2023-09-04T12:33:39 IST" duration-ms="68841" status="PASS">
          <reporter-output>
          </reporter-output>
        </test-method> <!-- test_Main_AddMember -->
        <test-method signature="test_Logout()[pri:10, instance:com.p360.Main.testCases.TC_Main_Users@460b50df]" started-at="2023-09-04T12:33:39 IST" name="test_Logout" finished-at="2023-09-04T12:33:51 IST" depends-on-methods="com.p360.Main.testCases.TC_Main_Users.test_Login" duration-ms="12406" status="PASS">
          <reporter-output>
          </reporter-output>
        </test-method> <!-- test_Logout -->
        <test-method is-config="true" signature="teardown()[pri:0, instance:com.p360.Main.testCases.TC_Main_Users@460b50df]" started-at="2023-09-04T12:33:51 IST" name="teardown" finished-at="2023-09-04T12:33:52 IST" duration-ms="518" status="PASS">
          <reporter-output>
          </reporter-output>
        </test-method> <!-- teardown -->
      </class> <!-- com.p360.Main.testCases.TC_Main_Users -->
    </test> <!-- P360_UI_USER_MODULE -->
  </suite> <!-- Suite -->
</testng-results>
