<?xml version="1.0" encoding="UTF-8"?>
<testng-results ignored="0" total="2" passed="2" failed="0" skipped="0">
  <reporter-output>
  </reporter-output>
  <suite started-at="2023-09-14T15:24:54 IST" name="Suite" finished-at="2023-09-14T15:26:36 IST" duration-ms="101327">
    <groups>
    </groups>
    <test started-at="2023-09-14T15:24:54 IST" name="P360_UI_USER_MODULE" finished-at="2023-09-14T15:26:36 IST" duration-ms="101327">
      <class name="com.p360.testCases.TC_AllInOne_UserModule">
        <test-method is-config="true" signature="setup(java.lang.String)[pri:0, instance:com.p360.testCases.TC_AllInOne_UserModule@2f4b98f6]" started-at="2023-09-14T15:24:55 IST" name="setup" finished-at="2023-09-14T15:24:59 IST" duration-ms="3904" status="PASS">
          <params>
            <param index="0">
              <value>
                <![CDATA[chrome]]>
              </value>
            </param>
          </params>
          <reporter-output>
          </reporter-output>
        </test-method> <!-- setup -->
        <test-method is-config="true" signature="test_Login()[pri:0, instance:com.p360.testCases.TC_AllInOne_UserModule@2f4b98f6]" started-at="2023-09-14T15:24:59 IST" name="test_Login" finished-at="2023-09-14T15:25:10 IST" duration-ms="11611" status="PASS">
          <reporter-output>
          </reporter-output>
        </test-method> <!-- test_Login -->
        <test-method signature="test_HomePageElement()[pri:1, instance:com.p360.testCases.TC_AllInOne_UserModule@2f4b98f6]" started-at="2023-09-14T15:25:10 IST" name="test_HomePageElement" finished-at="2023-09-14T15:25:56 IST" duration-ms="45721" status="PASS">
          <reporter-output>
          </reporter-output>
        </test-method> <!-- test_HomePageElement -->
        <test-method signature="test_ChangeCardDetails()[pri:2, instance:com.p360.testCases.TC_AllInOne_UserModule@2f4b98f6]" started-at="2023-09-14T15:25:56 IST" name="test_ChangeCardDetails" finished-at="2023-09-14T15:26:26 IST" duration-ms="30312" status="PASS">
          <reporter-output>
          </reporter-output>
        </test-method> <!-- test_ChangeCardDetails -->
        <test-method is-config="true" signature="test_Logout()[pri:0, instance:com.p360.testCases.TC_AllInOne_UserModule@2f4b98f6]" started-at="2023-09-14T15:26:26 IST" name="test_Logout" finished-at="2023-09-14T15:26:35 IST" duration-ms="8912" status="PASS">
          <reporter-output>
          </reporter-output>
        </test-method> <!-- test_Logout -->
        <test-method is-config="true" signature="teardown()[pri:0, instance:com.p360.testCases.TC_AllInOne_UserModule@2f4b98f6]" started-at="2023-09-14T15:26:35 IST" name="teardown" finished-at="2023-09-14T15:26:36 IST" duration-ms="525" status="PASS">
          <reporter-output>
          </reporter-output>
        </test-method> <!-- teardown -->
      </class> <!-- com.p360.testCases.TC_AllInOne_UserModule -->
    </test> <!-- P360_UI_USER_MODULE -->
  </suite> <!-- Suite -->
</testng-results>
