<?xml version="1.0" encoding="UTF-8"?>
<testng-results ignored="0" total="2" passed="2" failed="0" skipped="0">
  <reporter-output>
  </reporter-output>
  <suite started-at="2023-10-03T17:10:04 IST" name="Suite" finished-at="2023-10-03T17:11:33 IST" duration-ms="89210">
    <groups>
    </groups>
    <test started-at="2023-10-03T17:10:04 IST" name="P360_UI_USER_MODULE" finished-at="2023-10-03T17:11:33 IST" duration-ms="89210">
      <class name="com.p360.Main.testCases.TC_Main_Movements">
        <test-method is-config="true" signature="Setup(java.lang.String)[pri:0, instance:com.p360.Main.testCases.TC_Main_Movements@1200458e]" started-at="2023-10-03T17:10:04 IST" name="Setup" finished-at="2023-10-03T17:10:07 IST" duration-ms="3044" status="PASS">
          <params>
            <param index="0">
              <value>
                <![CDATA[chrome]]>
              </value>
            </param>
          </params>
          <reporter-output>
          </reporter-output>
        </test-method> <!-- Setup -->
        <test-method is-config="true" signature="Login(java.lang.String)[pri:0, instance:com.p360.Main.testCases.TC_Main_Movements@1200458e]" started-at="2023-10-03T17:10:07 IST" name="Login" finished-at="2023-10-03T17:10:20 IST" duration-ms="13243" status="PASS">
          <params>
            <param index="0">
              <value>
                <![CDATA[admin]]>
              </value>
            </param>
          </params>
          <reporter-output>
          </reporter-output>
        </test-method> <!-- Login -->
        <test-method signature="test_Main_DeactivateMovement()[pri:3, instance:com.p360.Main.testCases.TC_Main_Movements@1200458e]" started-at="2023-10-03T17:10:20 IST" name="test_Main_DeactivateMovement" finished-at="2023-10-03T17:10:52 IST" duration-ms="31446" status="PASS">
          <reporter-output>
          </reporter-output>
        </test-method> <!-- test_Main_DeactivateMovement -->
        <test-method signature="test_Main_ActivateMovement()[pri:4, instance:com.p360.Main.testCases.TC_Main_Movements@1200458e]" started-at="2023-10-03T17:10:52 IST" name="test_Main_ActivateMovement" finished-at="2023-10-03T17:11:23 IST" duration-ms="31511" status="PASS">
          <reporter-output>
          </reporter-output>
        </test-method> <!-- test_Main_ActivateMovement -->
        <test-method is-config="true" signature="Logout(java.lang.String)[pri:0, instance:com.p360.Main.testCases.TC_Main_Movements@1200458e]" started-at="2023-10-03T17:11:23 IST" name="Logout" finished-at="2023-10-03T17:11:32 IST" duration-ms="9246" status="PASS">
          <params>
            <param index="0">
              <value>
                <![CDATA[admin]]>
              </value>
            </param>
          </params>
          <reporter-output>
          </reporter-output>
        </test-method> <!-- Logout -->
        <test-method is-config="true" signature="Teardown()[pri:0, instance:com.p360.Main.testCases.TC_Main_Movements@1200458e]" started-at="2023-10-03T17:11:32 IST" name="Teardown" finished-at="2023-10-03T17:11:33 IST" duration-ms="454" status="PASS">
          <reporter-output>
          </reporter-output>
        </test-method> <!-- Teardown -->
      </class> <!-- com.p360.Main.testCases.TC_Main_Movements -->
    </test> <!-- P360_UI_USER_MODULE -->
  </suite> <!-- Suite -->
</testng-results>
