<?xml version="1.0" encoding="UTF-8"?>
<testng-results ignored="0" total="3" passed="2" failed="1" skipped="0">
  <reporter-output>
  </reporter-output>
  <suite started-at="2023-09-12T13:03:03 IST" name="Suite" finished-at="2023-09-12T13:03:48 IST" duration-ms="45000">
    <groups>
    </groups>
    <test started-at="2023-09-12T13:03:03 IST" name="P360_UI_USER_MODULE" finished-at="2023-09-12T13:03:48 IST" duration-ms="45000">
      <class name="com.p360.testCases.TC_Membership">
        <test-method is-config="true" signature="setup(java.lang.String)[pri:0, instance:com.p360.testCases.TC_Membership@60f7cc1d]" started-at="2023-09-12T13:03:03 IST" name="setup" finished-at="2023-09-12T13:03:08 IST" duration-ms="4336" status="PASS">
          <params>
            <param index="0">
              <value>
                <![CDATA[chrome]]>
              </value>
            </param>
          </params>
          <reporter-output>
          </reporter-output>
        </test-method> <!-- setup -->
        <test-method signature="test_Login()[pri:1, instance:com.p360.testCases.TC_Membership@60f7cc1d]" started-at="2023-09-12T13:03:08 IST" name="test_Login" finished-at="2023-09-12T13:03:18 IST" duration-ms="10259" status="PASS">
          <reporter-output>
          </reporter-output>
        </test-method> <!-- test_Login -->
        <test-method signature="test_PauseMembership(java.lang.String,java.lang.String,java.lang.String)[pri:4, instance:com.p360.testCases.TC_Membership@60f7cc1d]" started-at="2023-09-12T13:03:18 IST" name="test_PauseMembership" data-provider="TC_PauseMembership" finished-at="2023-09-12T13:03:46 IST" depends-on-methods="com.p360.testCases.TC_Membership.test_Login" duration-ms="27358" status="PASS">
          <params>
            <param index="0">
              <value>
                <![CDATA[25 September 2023]]>
              </value>
            </param>
            <param index="1">
              <value>
                <![CDATA[30 September 2023]]>
              </value>
            </param>
            <param index="2">
              <value>
                <![CDATA[Travel]]>
              </value>
            </param>
          </params>
          <reporter-output>
          </reporter-output>
        </test-method> <!-- test_PauseMembership -->
        <test-method signature="test_Logout()[pri:10, instance:com.p360.testCases.TC_Membership@60f7cc1d]" started-at="2023-09-12T13:03:46 IST" name="test_Logout" finished-at="2023-09-12T13:03:47 IST" depends-on-methods="com.p360.testCases.TC_Membership.test_Login" duration-ms="1110" status="FAIL">
          <exception class="java.lang.AssertionError">
            <message>
              <![CDATA[After logout it lookin for [Performance360] text expected [true] but found [false]]]>
            </message>
            <full-stacktrace>
              <![CDATA[java.lang.AssertionError: After logout it lookin for [Performance360] text expected [true] but found [false]
at org.testng.Assert.fail(Assert.java:111)
at org.testng.Assert.failNotEquals(Assert.java:1578)
at org.testng.Assert.assertTrue(Assert.java:57)
at com.p360.pageObject.PO_HomePage.Logout(PO_HomePage.java:239)
at com.p360.testCases.TC_Membership.test_Logout(TC_Membership.java:92)
at java.base/jdk.internal.reflect.NativeMethodAccessorImpl.invoke0(Native Method)
at java.base/jdk.internal.reflect.NativeMethodAccessorImpl.invoke(NativeMethodAccessorImpl.java:77)
at java.base/jdk.internal.reflect.DelegatingMethodAccessorImpl.invoke(DelegatingMethodAccessorImpl.java:43)
at java.base/java.lang.reflect.Method.invoke(Method.java:568)
at org.testng.internal.invokers.MethodInvocationHelper.invokeMethod(MethodInvocationHelper.java:139)
at org.testng.internal.invokers.TestInvoker.invokeMethod(TestInvoker.java:664)
at org.testng.internal.invokers.TestInvoker.invokeTestMethod(TestInvoker.java:227)
at org.testng.internal.invokers.MethodRunner.runInSequence(MethodRunner.java:50)
at org.testng.internal.invokers.TestInvoker$MethodInvocationAgent.invoke(TestInvoker.java:957)
at org.testng.internal.invokers.TestInvoker.invokeTestMethods(TestInvoker.java:200)
at org.testng.internal.invokers.TestMethodWorker.invokeTestMethods(TestMethodWorker.java:148)
at org.testng.internal.invokers.TestMethodWorker.run(TestMethodWorker.java:128)
at java.base/java.util.ArrayList.forEach(ArrayList.java:1511)
at org.testng.TestRunner.privateRun(TestRunner.java:848)
at org.testng.TestRunner.run(TestRunner.java:621)
at org.testng.SuiteRunner.runTest(SuiteRunner.java:443)
at org.testng.SuiteRunner.runSequentially(SuiteRunner.java:437)
at org.testng.SuiteRunner.privateRun(SuiteRunner.java:397)
at org.testng.SuiteRunner.run(SuiteRunner.java:336)
at org.testng.SuiteRunnerWorker.runSuite(SuiteRunnerWorker.java:52)
at org.testng.SuiteRunnerWorker.run(SuiteRunnerWorker.java:95)
at org.testng.TestNG.runSuitesSequentially(TestNG.java:1280)
at org.testng.TestNG.runSuitesLocally(TestNG.java:1200)
at org.testng.TestNG.runSuites(TestNG.java:1114)
at org.testng.TestNG.run(TestNG.java:1082)
at org.testng.remote.AbstractRemoteTestNG.run(AbstractRemoteTestNG.java:115)
at org.testng.remote.RemoteTestNG.initAndRun(RemoteTestNG.java:251)
at org.testng.remote.RemoteTestNG.main(RemoteTestNG.java:77)
]]>
            </full-stacktrace>
          </exception> <!-- java.lang.AssertionError -->
          <reporter-output>
          </reporter-output>
        </test-method> <!-- test_Logout -->
        <test-method is-config="true" signature="teardown()[pri:0, instance:com.p360.testCases.TC_Membership@60f7cc1d]" started-at="2023-09-12T13:03:47 IST" name="teardown" finished-at="2023-09-12T13:03:48 IST" duration-ms="582" status="PASS">
          <reporter-output>
          </reporter-output>
        </test-method> <!-- teardown -->
      </class> <!-- com.p360.testCases.TC_Membership -->
    </test> <!-- P360_UI_USER_MODULE -->
  </suite> <!-- Suite -->
</testng-results>
