<?xml version="1.0" encoding="UTF-8"?>
<testng-results ignored="0" total="3" passed="3" failed="0" skipped="0">
  <reporter-output>
  </reporter-output>
  <suite started-at="2023-09-04T19:13:52 IST" name="Suite" finished-at="2023-09-04T19:14:36 IST" duration-ms="44021">
    <groups>
    </groups>
    <test started-at="2023-09-04T19:13:52 IST" name="P360_UI_USER_MODULE" finished-at="2023-09-04T19:14:36 IST" duration-ms="44021">
      <class name="com.p360.testCases.TC_Classes">
        <test-method is-config="true" signature="setup(java.lang.String)[pri:0, instance:com.p360.testCases.TC_Classes@40499e4f]" started-at="2023-09-04T19:13:52 IST" name="setup" finished-at="2023-09-04T19:13:55 IST" duration-ms="3501" status="PASS">
          <params>
            <param index="0">
              <value>
                <![CDATA[chrome]]>
              </value>
            </param>
          </params>
          <reporter-output>
          </reporter-output>
        </test-method> <!-- setup -->
        <test-method signature="test_Login()[pri:1, instance:com.p360.testCases.TC_Classes@40499e4f]" started-at="2023-09-04T19:13:55 IST" name="test_Login" finished-at="2023-09-04T19:14:08 IST" duration-ms="12600" status="PASS">
          <reporter-output>
          </reporter-output>
        </test-method> <!-- test_Login -->
        <test-method signature="test_CancelRegisteredClass()[pri:3, instance:com.p360.testCases.TC_Classes@40499e4f]" started-at="2023-09-04T19:14:08 IST" name="test_CancelRegisteredClass" finished-at="2023-09-04T19:14:24 IST" depends-on-methods="com.p360.testCases.TC_Classes.test_Login" duration-ms="16559" status="PASS">
          <reporter-output>
          </reporter-output>
        </test-method> <!-- test_CancelRegisteredClass -->
        <test-method signature="test_Logout()[pri:10, instance:com.p360.testCases.TC_Classes@40499e4f]" started-at="2023-09-04T19:14:25 IST" name="test_Logout" finished-at="2023-09-04T19:14:35 IST" depends-on-methods="com.p360.testCases.TC_Classes.test_Login" duration-ms="10576" status="PASS">
          <reporter-output>
          </reporter-output>
        </test-method> <!-- test_Logout -->
        <test-method is-config="true" signature="teardown()[pri:0, instance:com.p360.testCases.TC_Classes@40499e4f]" started-at="2023-09-04T19:14:35 IST" name="teardown" finished-at="2023-09-04T19:14:36 IST" duration-ms="471" status="PASS">
          <reporter-output>
          </reporter-output>
        </test-method> <!-- teardown -->
      </class> <!-- com.p360.testCases.TC_Classes -->
    </test> <!-- P360_UI_USER_MODULE -->
  </suite> <!-- Suite -->
</testng-results>
