<?xml version="1.0" encoding="UTF-8"?>
<testng-results ignored="0" total="1" passed="1" failed="0" skipped="0">
  <reporter-output>
  </reporter-output>
  <suite started-at="2023-10-02T10:21:20 IST" name="Suite" finished-at="2023-10-02T10:22:51 IST" duration-ms="91304">
    <groups>
    </groups>
    <test started-at="2023-10-02T10:21:20 IST" name="P360_UI_USER_MODULE" finished-at="2023-10-02T10:22:51 IST" duration-ms="91304">
      <class name="com.p360.Main.testCases.TC_Main_Classes">
        <test-method is-config="true" signature="Setup(java.lang.String)[pri:0, instance:com.p360.Main.testCases.TC_Main_Classes@1ff15a50]" started-at="2023-10-02T10:21:20 IST" name="Setup" finished-at="2023-10-02T10:21:24 IST" duration-ms="3834" status="PASS">
          <params>
            <param index="0">
              <value>
                <![CDATA[chrome]]>
              </value>
            </param>
          </params>
          <reporter-output>
          </reporter-output>
        </test-method> <!-- Setup -->
        <test-method is-config="true" signature="Login(java.lang.String)[pri:0, instance:com.p360.Main.testCases.TC_Main_Classes@1ff15a50]" started-at="2023-10-02T10:21:24 IST" name="Login" finished-at="2023-10-02T10:21:39 IST" duration-ms="14611" status="PASS">
          <params>
            <param index="0">
              <value>
                <![CDATA[admin]]>
              </value>
            </param>
          </params>
          <reporter-output>
          </reporter-output>
        </test-method> <!-- Login -->
        <test-method signature="test_Main_OverrideClass()[pri:12, instance:com.p360.Main.testCases.TC_Main_Classes@1ff15a50]" started-at="2023-10-02T10:21:39 IST" name="test_Main_OverrideClass" finished-at="2023-10-02T10:22:42 IST" duration-ms="63092" status="PASS">
          <reporter-output>
          </reporter-output>
        </test-method> <!-- test_Main_OverrideClass -->
        <test-method is-config="true" signature="Logout(java.lang.String)[pri:0, instance:com.p360.Main.testCases.TC_Main_Classes@1ff15a50]" started-at="2023-10-02T10:22:42 IST" name="Logout" finished-at="2023-10-02T10:22:51 IST" duration-ms="8795" status="PASS">
          <params>
            <param index="0">
              <value>
                <![CDATA[admin]]>
              </value>
            </param>
          </params>
          <reporter-output>
          </reporter-output>
        </test-method> <!-- Logout -->
        <test-method is-config="true" signature="Teardown()[pri:0, instance:com.p360.Main.testCases.TC_Main_Classes@1ff15a50]" started-at="2023-10-02T10:22:51 IST" name="Teardown" finished-at="2023-10-02T10:22:51 IST" duration-ms="600" status="PASS">
          <reporter-output>
          </reporter-output>
        </test-method> <!-- Teardown -->
      </class> <!-- com.p360.Main.testCases.TC_Main_Classes -->
    </test> <!-- P360_UI_USER_MODULE -->
  </suite> <!-- Suite -->
</testng-results>
