<?xml version="1.0" encoding="UTF-8"?>
<testng-results ignored="0" total="4" passed="4" failed="0" skipped="0">
  <reporter-output>
  </reporter-output>
  <suite started-at="2023-09-21T18:35:32 IST" name="Suite" finished-at="2023-09-21T18:38:29 IST" duration-ms="176839">
    <groups>
    </groups>
    <test started-at="2023-09-21T18:35:32 IST" name="P360_UI_USER_MODULE" finished-at="2023-09-21T18:38:29 IST" duration-ms="176839">
      <class name="com.p360.Main.testCases.TC_Main_Packages">
        <test-method is-config="true" signature="Setup(java.lang.String)[pri:0, instance:com.p360.Main.testCases.TC_Main_Packages@4702e7a5]" started-at="2023-09-21T18:35:33 IST" name="Setup" finished-at="2023-09-21T18:35:37 IST" duration-ms="4607" status="PASS">
          <params>
            <param index="0">
              <value>
                <![CDATA[chrome]]>
              </value>
            </param>
          </params>
          <reporter-output>
          </reporter-output>
        </test-method> <!-- Setup -->
        <test-method is-config="true" signature="Login(java.lang.String)[pri:0, instance:com.p360.Main.testCases.TC_Main_Packages@4702e7a5]" started-at="2023-09-21T18:35:37 IST" name="Login" finished-at="2023-09-21T18:35:50 IST" duration-ms="12166" status="PASS">
          <params>
            <param index="0">
              <value>
                <![CDATA[admin]]>
              </value>
            </param>
          </params>
          <reporter-output>
          </reporter-output>
        </test-method> <!-- Login -->
        <test-method signature="test_Main_DeActivatePackageCategory()[pri:13, instance:com.p360.Main.testCases.TC_Main_Packages@4702e7a5]" started-at="2023-09-21T18:35:50 IST" name="test_Main_DeActivatePackageCategory" finished-at="2023-09-21T18:36:28 IST" duration-ms="38100" status="PASS">
          <reporter-output>
          </reporter-output>
        </test-method> <!-- test_Main_DeActivatePackageCategory -->
        <test-method signature="test_Main_ActivatePackageCategory()[pri:14, instance:com.p360.Main.testCases.TC_Main_Packages@4702e7a5]" started-at="2023-09-21T18:36:28 IST" name="test_Main_ActivatePackageCategory" finished-at="2023-09-21T18:37:05 IST" duration-ms="37428" status="PASS">
          <reporter-output>
          </reporter-output>
        </test-method> <!-- test_Main_ActivatePackageCategory -->
        <test-method signature="test_Main_ArchivePackageCategory()[pri:15, instance:com.p360.Main.testCases.TC_Main_Packages@4702e7a5]" started-at="2023-09-21T18:37:05 IST" name="test_Main_ArchivePackageCategory" finished-at="2023-09-21T18:37:42 IST" duration-ms="37303" status="PASS">
          <reporter-output>
          </reporter-output>
        </test-method> <!-- test_Main_ArchivePackageCategory -->
        <test-method signature="test_Main_RestorePackageCategory()[pri:16, instance:com.p360.Main.testCases.TC_Main_Packages@4702e7a5]" started-at="2023-09-21T18:37:42 IST" name="test_Main_RestorePackageCategory" finished-at="2023-09-21T18:38:19 IST" duration-ms="36947" status="PASS">
          <reporter-output>
          </reporter-output>
        </test-method> <!-- test_Main_RestorePackageCategory -->
        <test-method is-config="true" signature="Logout(java.lang.String)[pri:0, instance:com.p360.Main.testCases.TC_Main_Packages@4702e7a5]" started-at="2023-09-21T18:38:19 IST" name="Logout" finished-at="2023-09-21T18:38:29 IST" duration-ms="9409" status="PASS">
          <params>
            <param index="0">
              <value>
                <![CDATA[admin]]>
              </value>
            </param>
          </params>
          <reporter-output>
          </reporter-output>
        </test-method> <!-- Logout -->
        <test-method is-config="true" signature="Teardown()[pri:0, instance:com.p360.Main.testCases.TC_Main_Packages@4702e7a5]" started-at="2023-09-21T18:38:29 IST" name="Teardown" finished-at="2023-09-21T18:38:29 IST" duration-ms="462" status="PASS">
          <reporter-output>
          </reporter-output>
        </test-method> <!-- Teardown -->
      </class> <!-- com.p360.Main.testCases.TC_Main_Packages -->
    </test> <!-- P360_UI_USER_MODULE -->
  </suite> <!-- Suite -->
</testng-results>
