<?xml version="1.0" encoding="UTF-8"?>
<testng-results ignored="0" total="10" passed="9" failed="1" skipped="0">
  <reporter-output>
  </reporter-output>
  <suite started-at="2023-09-13T19:15:12 IST" name="Suite" finished-at="2023-09-13T19:22:57 IST" duration-ms="464625">
    <groups>
    </groups>
    <test started-at="2023-09-13T19:15:12 IST" name="P360_UI_USER_MODULE" finished-at="2023-09-13T19:22:57 IST" duration-ms="464625">
      <class name="com.p360.testCases.TC_AllInOne_UserModule">
        <test-method is-config="true" signature="setup(java.lang.String)[pri:0, instance:com.p360.testCases.TC_AllInOne_UserModule@421def93]" started-at="2023-09-13T19:15:13 IST" name="setup" finished-at="2023-09-13T19:15:23 IST" duration-ms="10023" status="PASS">
          <params>
            <param index="0">
              <value>
                <![CDATA[chrome]]>
              </value>
            </param>
          </params>
          <reporter-output>
          </reporter-output>
        </test-method> <!-- setup -->
        <test-method signature="test_Login()[pri:1, instance:com.p360.testCases.TC_AllInOne_UserModule@421def93]" started-at="2023-09-13T19:15:23 IST" name="test_Login" finished-at="2023-09-13T19:15:40 IST" duration-ms="16785" status="PASS">
          <reporter-output>
          </reporter-output>
        </test-method> <!-- test_Login -->
        <test-method signature="test_HomePageElement()[pri:2, instance:com.p360.testCases.TC_AllInOne_UserModule@421def93]" started-at="2023-09-13T19:15:40 IST" name="test_HomePageElement" finished-at="2023-09-13T19:16:27 IST" duration-ms="47837" status="PASS">
          <reporter-output>
          </reporter-output>
        </test-method> <!-- test_HomePageElement -->
        <test-method signature="test_ChangeCardDetails()[pri:3, instance:com.p360.testCases.TC_AllInOne_UserModule@421def93]" started-at="2023-09-13T19:16:27 IST" name="test_ChangeCardDetails" finished-at="2023-09-13T19:17:13 IST" duration-ms="45088" status="FAIL">
          <exception class="java.lang.AssertionError">
            <message>
              <![CDATA[changeCardDetails expected [true] but found [false]]]>
            </message>
            <full-stacktrace>
              <![CDATA[java.lang.AssertionError: changeCardDetails expected [true] but found [false]
at org.testng.Assert.fail(Assert.java:111)
at org.testng.Assert.failNotEquals(Assert.java:1578)
at org.testng.Assert.assertTrue(Assert.java:57)
at com.p360.pageObject.PO_HomePage.changeCardDetails(PO_HomePage.java:313)
at com.p360.testCases.TC_AllInOne_UserModule.test_ChangeCardDetails(TC_AllInOne_UserModule.java:68)
at java.base/jdk.internal.reflect.NativeMethodAccessorImpl.invoke0(Native Method)
at java.base/jdk.internal.reflect.NativeMethodAccessorImpl.invoke(NativeMethodAccessorImpl.java:77)
at java.base/jdk.internal.reflect.DelegatingMethodAccessorImpl.invoke(DelegatingMethodAccessorImpl.java:43)
at java.base/java.lang.reflect.Method.invoke(Method.java:568)
at org.testng.internal.invokers.MethodInvocationHelper.invokeMethod(MethodInvocationHelper.java:139)
at org.testng.internal.invokers.TestInvoker.invokeMethod(TestInvoker.java:664)
at org.testng.internal.invokers.TestInvoker.invokeTestMethod(TestInvoker.java:227)
at org.testng.internal.invokers.MethodRunner.runInSequence(MethodRunner.java:50)
at org.testng.internal.invokers.TestInvoker$MethodInvocationAgent.invoke(TestInvoker.java:957)
at org.testng.internal.invokers.TestInvoker.invokeTestMethods(TestInvoker.java:200)
at org.testng.internal.invokers.TestMethodWorker.invokeTestMethods(TestMethodWorker.java:148)
at org.testng.internal.invokers.TestMethodWorker.run(TestMethodWorker.java:128)
at java.base/java.util.ArrayList.forEach(ArrayList.java:1511)
at org.testng.TestRunner.privateRun(TestRunner.java:848)
at org.testng.TestRunner.run(TestRunner.java:621)
at org.testng.SuiteRunner.runTest(SuiteRunner.java:443)
at org.testng.SuiteRunner.runSequentially(SuiteRunner.java:437)
at org.testng.SuiteRunner.privateRun(SuiteRunner.java:397)
at org.testng.SuiteRunner.run(SuiteRunner.java:336)
at org.testng.SuiteRunnerWorker.runSuite(SuiteRunnerWorker.java:52)
at org.testng.SuiteRunnerWorker.run(SuiteRunnerWorker.java:95)
at org.testng.TestNG.runSuitesSequentially(TestNG.java:1280)
at org.testng.TestNG.runSuitesLocally(TestNG.java:1200)
at org.testng.TestNG.runSuites(TestNG.java:1114)
at org.testng.TestNG.run(TestNG.java:1082)
at org.testng.remote.AbstractRemoteTestNG.run(AbstractRemoteTestNG.java:115)
at org.testng.remote.RemoteTestNG.initAndRun(RemoteTestNG.java:251)
at org.testng.remote.RemoteTestNG.main(RemoteTestNG.java:77)
]]>
            </full-stacktrace>
          </exception> <!-- java.lang.AssertionError -->
          <reporter-output>
          </reporter-output>
        </test-method> <!-- test_ChangeCardDetails -->
        <test-method signature="test_RegisterClass(java.lang.String,java.lang.String,java.lang.String,java.lang.String,java.lang.String)[pri:4, instance:com.p360.testCases.TC_AllInOne_UserModule@421def93]" started-at="2023-09-13T19:17:14 IST" name="test_RegisterClass" data-provider="TC_ClassRegistration" finished-at="2023-09-13T19:19:04 IST" duration-ms="109644" status="PASS">
          <params>
            <param index="0">
              <value>
                <![CDATA[2:00 AM]]>
              </value>
            </param>
            <param index="1">
              <value>
                <![CDATA[SEP 16 SAT]]>
              </value>
            </param>
            <param index="2">
              <value>
                <![CDATA[WESTWOOD]]>
              </value>
            </param>
            <param index="3">
              <value>
                <![CDATA[WESTWOOD]]>
              </value>
            </param>
            <param index="4">
              <value>
                <![CDATA[All]]>
              </value>
            </param>
          </params>
          <reporter-output>
          </reporter-output>
        </test-method> <!-- test_RegisterClass -->
        <test-method signature="test_CancelRegisteredClass(java.lang.String)[pri:5, instance:com.p360.testCases.TC_AllInOne_UserModule@421def93]" started-at="2023-09-13T19:19:04 IST" name="test_CancelRegisteredClass" data-provider="TC_CancelRegisterClass" finished-at="2023-09-13T19:20:46 IST" duration-ms="101991" status="PASS">
          <params>
            <param index="0">
              <value>
                <![CDATA[Sep 17, 2023 | 09:00 PM]]>
              </value>
            </param>
          </params>
          <reporter-output>
          </reporter-output>
        </test-method> <!-- test_CancelRegisteredClass -->
        <test-method signature="test_ChangeMembership(java.lang.String,java.lang.String,java.lang.String,java.lang.String)[pri:6, instance:com.p360.testCases.TC_AllInOne_UserModule@421def93]" started-at="2023-09-13T19:20:46 IST" name="test_ChangeMembership" data-provider="TC_ChangeMembership" finished-at="2023-09-13T19:21:20 IST" duration-ms="33743" status="PASS">
          <params>
            <param index="0">
              <value>
                <![CDATA[All]]>
              </value>
            </param>
            <param index="1">
              <value>
                <![CDATA[Dynamic Brand Strategist]]>
              </value>
            </param>
            <param index="2">
              <value>
                <![CDATA[The end of the current period]]>
              </value>
            </param>
            <param index="3">
              <value>
                <![CDATA[15 September 2023]]>
              </value>
            </param>
          </params>
          <reporter-output>
          </reporter-output>
        </test-method> <!-- test_ChangeMembership -->
        <test-method signature="test_CheckAgreedTerms()[pri:7, instance:com.p360.testCases.TC_AllInOne_UserModule@421def93]" started-at="2023-09-13T19:21:20 IST" name="test_CheckAgreedTerms" finished-at="2023-09-13T19:21:35 IST" duration-ms="15200" status="PASS">
          <reporter-output>
          </reporter-output>
        </test-method> <!-- test_CheckAgreedTerms -->
        <test-method signature="test_PauseMembership(java.lang.String,java.lang.String,java.lang.String)[pri:8, instance:com.p360.testCases.TC_AllInOne_UserModule@421def93]" started-at="2023-09-13T19:21:36 IST" name="test_PauseMembership" data-provider="TC_PauseMembership" finished-at="2023-09-13T19:22:16 IST" duration-ms="40771" status="PASS">
          <params>
            <param index="0">
              <value>
                <![CDATA[25 September 2023]]>
              </value>
            </param>
            <param index="1">
              <value>
                <![CDATA[30 October 2023]]>
              </value>
            </param>
            <param index="2">
              <value>
                <![CDATA[Travel]]>
              </value>
            </param>
          </params>
          <reporter-output>
          </reporter-output>
        </test-method> <!-- test_PauseMembership -->
        <test-method signature="test_ResumeMembership()[pri:9, instance:com.p360.testCases.TC_AllInOne_UserModule@421def93]" started-at="2023-09-13T19:22:16 IST" name="test_ResumeMembership" finished-at="2023-09-13T19:22:41 IST" duration-ms="24325" status="PASS">
          <reporter-output>
          </reporter-output>
        </test-method> <!-- test_ResumeMembership -->
        <test-method signature="test_Logout()[pri:10, instance:com.p360.testCases.TC_AllInOne_UserModule@421def93]" started-at="2023-09-13T19:22:41 IST" name="test_Logout" finished-at="2023-09-13T19:22:55 IST" duration-ms="14011" status="PASS">
          <reporter-output>
          </reporter-output>
        </test-method> <!-- test_Logout -->
        <test-method is-config="true" signature="teardown()[pri:0, instance:com.p360.testCases.TC_AllInOne_UserModule@421def93]" started-at="2023-09-13T19:22:55 IST" name="teardown" finished-at="2023-09-13T19:22:57 IST" duration-ms="2164" status="PASS">
          <reporter-output>
          </reporter-output>
        </test-method> <!-- teardown -->
      </class> <!-- com.p360.testCases.TC_AllInOne_UserModule -->
    </test> <!-- P360_UI_USER_MODULE -->
  </suite> <!-- Suite -->
</testng-results>
