<?xml version="1.0" encoding="UTF-8"?>
<testng-results ignored="0" total="2" passed="2" failed="0" skipped="0">
  <reporter-output>
  </reporter-output>
  <suite started-at="2023-10-03T17:38:48 IST" name="Suite" finished-at="2023-10-03T17:40:00 IST" duration-ms="71975">
    <groups>
    </groups>
    <test started-at="2023-10-03T17:38:48 IST" name="P360_UI_USER_MODULE" finished-at="2023-10-03T17:40:00 IST" duration-ms="71975">
      <class name="com.p360.Main.testCases.TC_Main_Movements">
        <test-method is-config="true" signature="Setup(java.lang.String)[pri:0, instance:com.p360.Main.testCases.TC_Main_Movements@1200458e]" started-at="2023-10-03T17:38:48 IST" name="Setup" finished-at="2023-10-03T17:38:51 IST" duration-ms="3247" status="PASS">
          <params>
            <param index="0">
              <value>
                <![CDATA[chrome]]>
              </value>
            </param>
          </params>
          <reporter-output>
          </reporter-output>
        </test-method> <!-- Setup -->
        <test-method is-config="true" signature="Login(java.lang.String)[pri:0, instance:com.p360.Main.testCases.TC_Main_Movements@1200458e]" started-at="2023-10-03T17:38:51 IST" name="Login" finished-at="2023-10-03T17:39:04 IST" duration-ms="12056" status="PASS">
          <params>
            <param index="0">
              <value>
                <![CDATA[admin]]>
              </value>
            </param>
          </params>
          <reporter-output>
          </reporter-output>
        </test-method> <!-- Login -->
        <test-method signature="test_Main_AssignMovementToDate()[pri:5, instance:com.p360.Main.testCases.TC_Main_Movements@1200458e]" started-at="2023-10-03T17:39:04 IST" name="test_Main_AssignMovementToDate" finished-at="2023-10-03T17:39:29 IST" duration-ms="25787" status="PASS">
          <reporter-output>
          </reporter-output>
        </test-method> <!-- test_Main_AssignMovementToDate -->
        <test-method signature="test_Main_removedAssignedMovementFromDate()[pri:6, instance:com.p360.Main.testCases.TC_Main_Movements@1200458e]" started-at="2023-10-03T17:39:29 IST" name="test_Main_removedAssignedMovementFromDate" finished-at="2023-10-03T17:39:50 IST" duration-ms="20798" status="PASS">
          <reporter-output>
          </reporter-output>
        </test-method> <!-- test_Main_removedAssignedMovementFromDate -->
        <test-method is-config="true" signature="Logout(java.lang.String)[pri:0, instance:com.p360.Main.testCases.TC_Main_Movements@1200458e]" started-at="2023-10-03T17:39:50 IST" name="Logout" finished-at="2023-10-03T17:40:00 IST" duration-ms="9408" status="PASS">
          <params>
            <param index="0">
              <value>
                <![CDATA[admin]]>
              </value>
            </param>
          </params>
          <reporter-output>
          </reporter-output>
        </test-method> <!-- Logout -->
        <test-method is-config="true" signature="Teardown()[pri:0, instance:com.p360.Main.testCases.TC_Main_Movements@1200458e]" started-at="2023-10-03T17:40:00 IST" name="Teardown" finished-at="2023-10-03T17:40:00 IST" duration-ms="401" status="PASS">
          <reporter-output>
          </reporter-output>
        </test-method> <!-- Teardown -->
      </class> <!-- com.p360.Main.testCases.TC_Main_Movements -->
    </test> <!-- P360_UI_USER_MODULE -->
  </suite> <!-- Suite -->
</testng-results>
