<?xml version="1.0" encoding="UTF-8"?>
<testng-results ignored="0" total="1" passed="1" failed="0" skipped="0">
  <reporter-output>
  </reporter-output>
  <suite started-at="2023-09-20T18:31:59 IST" name="Suite" finished-at="2023-09-20T18:33:04 IST" duration-ms="64410">
    <groups>
    </groups>
    <test started-at="2023-09-20T18:31:59 IST" name="P360_UI_USER_MODULE" finished-at="2023-09-20T18:33:04 IST" duration-ms="64410">
      <class name="com.p360.Main.testCases.TC_Main_Locations">
        <test-method is-config="true" signature="Setup(java.lang.String)[pri:0, instance:com.p360.Main.testCases.TC_Main_Locations@7fc7152e]" started-at="2023-09-20T18:31:59 IST" name="Setup" finished-at="2023-09-20T18:32:02 IST" duration-ms="2878" status="PASS">
          <params>
            <param index="0">
              <value>
                <![CDATA[chrome]]>
              </value>
            </param>
          </params>
          <reporter-output>
          </reporter-output>
        </test-method> <!-- Setup -->
        <test-method is-config="true" signature="Login(java.lang.String)[pri:0, instance:com.p360.Main.testCases.TC_Main_Locations@7fc7152e]" started-at="2023-09-20T18:32:02 IST" name="Login" finished-at="2023-09-20T18:32:16 IST" duration-ms="13842" status="PASS">
          <params>
            <param index="0">
              <value>
                <![CDATA[admin]]>
              </value>
            </param>
          </params>
          <reporter-output>
          </reporter-output>
        </test-method> <!-- Login -->
        <test-method signature="test_Main_UpdateRegion()[pri:6, instance:com.p360.Main.testCases.TC_Main_Locations@7fc7152e]" started-at="2023-09-20T18:32:16 IST" name="test_Main_UpdateRegion" finished-at="2023-09-20T18:32:54 IST" duration-ms="37426" status="PASS">
          <reporter-output>
          </reporter-output>
        </test-method> <!-- test_Main_UpdateRegion -->
        <test-method is-config="true" signature="Logout(java.lang.String)[pri:0, instance:com.p360.Main.testCases.TC_Main_Locations@7fc7152e]" started-at="2023-09-20T18:32:54 IST" name="Logout" finished-at="2023-09-20T18:33:03 IST" duration-ms="9528" status="PASS">
          <params>
            <param index="0">
              <value>
                <![CDATA[admin]]>
              </value>
            </param>
          </params>
          <reporter-output>
          </reporter-output>
        </test-method> <!-- Logout -->
        <test-method is-config="true" signature="Teardown()[pri:0, instance:com.p360.Main.testCases.TC_Main_Locations@7fc7152e]" started-at="2023-09-20T18:33:03 IST" name="Teardown" finished-at="2023-09-20T18:33:04 IST" duration-ms="432" status="PASS">
          <reporter-output>
          </reporter-output>
        </test-method> <!-- Teardown -->
      </class> <!-- com.p360.Main.testCases.TC_Main_Locations -->
    </test> <!-- P360_UI_USER_MODULE -->
  </suite> <!-- Suite -->
</testng-results>
