<?xml version="1.0" encoding="UTF-8"?>
<testng-results ignored="0" total="3" passed="3" failed="0" skipped="0">
  <reporter-output>
  </reporter-output>
  <suite started-at="2023-09-08T10:23:36 IST" name="Suite" finished-at="2023-09-08T10:24:28 IST" duration-ms="52133">
    <groups>
    </groups>
    <test started-at="2023-09-08T10:23:36 IST" name="P360_UI_USER_MODULE" finished-at="2023-09-08T10:24:28 IST" duration-ms="52133">
      <class name="com.p360.testCases.TC_Classes">
        <test-method is-config="true" signature="setup(java.lang.String)[pri:0, instance:com.p360.testCases.TC_Classes@36546a22]" started-at="2023-09-08T10:23:36 IST" name="setup" finished-at="2023-09-08T10:23:40 IST" duration-ms="3633" status="PASS">
          <params>
            <param index="0">
              <value>
                <![CDATA[chrome]]>
              </value>
            </param>
          </params>
          <reporter-output>
          </reporter-output>
        </test-method> <!-- setup -->
        <test-method signature="test_Login()[pri:1, instance:com.p360.testCases.TC_Classes@36546a22]" started-at="2023-09-08T10:23:40 IST" name="test_Login" finished-at="2023-09-08T10:23:52 IST" duration-ms="12514" status="PASS">
          <reporter-output>
          </reporter-output>
        </test-method> <!-- test_Login -->
        <test-method signature="test_CancelRegisteredClass(java.lang.String)[pri:3, instance:com.p360.testCases.TC_Classes@36546a22]" started-at="2023-09-08T10:23:53 IST" name="test_CancelRegisteredClass" data-provider="TC_CancelRegisterClass" finished-at="2023-09-08T10:24:19 IST" depends-on-methods="com.p360.testCases.TC_Classes.test_Login" duration-ms="25617" status="PASS">
          <params>
            <param index="0">
              <value>
                <![CDATA[Sep 16, 2023 | 02:00 AM]]>
              </value>
            </param>
          </params>
          <reporter-output>
          </reporter-output>
        </test-method> <!-- test_CancelRegisteredClass -->
        <test-method signature="test_Logout()[pri:10, instance:com.p360.testCases.TC_Classes@36546a22]" started-at="2023-09-08T10:24:19 IST" name="test_Logout" finished-at="2023-09-08T10:24:27 IST" depends-on-methods="com.p360.testCases.TC_Classes.test_Login" duration-ms="8773" status="PASS">
          <reporter-output>
          </reporter-output>
        </test-method> <!-- test_Logout -->
        <test-method is-config="true" signature="teardown()[pri:0, instance:com.p360.testCases.TC_Classes@36546a22]" started-at="2023-09-08T10:24:27 IST" name="teardown" finished-at="2023-09-08T10:24:28 IST" duration-ms="431" status="PASS">
          <reporter-output>
          </reporter-output>
        </test-method> <!-- teardown -->
      </class> <!-- com.p360.testCases.TC_Classes -->
    </test> <!-- P360_UI_USER_MODULE -->
  </suite> <!-- Suite -->
</testng-results>
