<?xml version="1.0" encoding="UTF-8"?>
<testng-results ignored="0" total="2" passed="2" failed="0" skipped="0">
  <reporter-output>
  </reporter-output>
  <suite started-at="2023-09-18T19:30:56 IST" name="Suite" finished-at="2023-09-18T19:32:22 IST" duration-ms="86275">
    <groups>
    </groups>
    <test started-at="2023-09-18T19:30:56 IST" name="P360_UI_USER_MODULE" finished-at="2023-09-18T19:32:22 IST" duration-ms="86275">
      <class name="com.p360.Main.testCases.TC_Main_Users">
        <test-method is-config="true" signature="Setup(java.lang.String)[pri:0, instance:com.p360.Main.testCases.TC_Main_Users@2a8a3ada]" started-at="2023-09-18T19:30:56 IST" name="Setup" finished-at="2023-09-18T19:30:59 IST" duration-ms="3433" status="PASS">
          <params>
            <param index="0">
              <value>
                <![CDATA[chrome]]>
              </value>
            </param>
          </params>
          <reporter-output>
          </reporter-output>
        </test-method> <!-- Setup -->
        <test-method is-config="true" signature="Login(java.lang.String)[pri:0, instance:com.p360.Main.testCases.TC_Main_Users@2a8a3ada]" started-at="2023-09-18T19:30:59 IST" name="Login" finished-at="2023-09-18T19:31:13 IST" duration-ms="13381" status="PASS">
          <params>
            <param index="0">
              <value>
                <![CDATA[admin]]>
              </value>
            </param>
          </params>
          <reporter-output>
          </reporter-output>
        </test-method> <!-- Login -->
        <test-method signature="test_Main_SearchAndViewUsersDetails()[pri:2, instance:com.p360.Main.testCases.TC_Main_Users@2a8a3ada]" started-at="2023-09-18T19:31:13 IST" name="test_Main_SearchAndViewUsersDetails" finished-at="2023-09-18T19:31:43 IST" duration-ms="30232" status="PASS">
          <reporter-output>
          </reporter-output>
        </test-method> <!-- test_Main_SearchAndViewUsersDetails -->
        <test-method signature="test_Main_PauseMembership()[pri:3, instance:com.p360.Main.testCases.TC_Main_Users@2a8a3ada]" started-at="2023-09-18T19:31:43 IST" name="test_Main_PauseMembership" finished-at="2023-09-18T19:32:12 IST" depends-on-methods="com.p360.Main.testCases.TC_Main_Users.test_Main_SearchAndViewUsersDetails" duration-ms="29136" status="PASS">
          <reporter-output>
          </reporter-output>
        </test-method> <!-- test_Main_PauseMembership -->
        <test-method is-config="true" signature="Logout(java.lang.String)[pri:0, instance:com.p360.Main.testCases.TC_Main_Users@2a8a3ada]" started-at="2023-09-18T19:32:12 IST" name="Logout" finished-at="2023-09-18T19:32:22 IST" duration-ms="9321" status="PASS">
          <params>
            <param index="0">
              <value>
                <![CDATA[admin]]>
              </value>
            </param>
          </params>
          <reporter-output>
          </reporter-output>
        </test-method> <!-- Logout -->
        <test-method is-config="true" signature="Teardown()[pri:0, instance:com.p360.Main.testCases.TC_Main_Users@2a8a3ada]" started-at="2023-09-18T19:32:22 IST" name="Teardown" finished-at="2023-09-18T19:32:22 IST" duration-ms="455" status="PASS">
          <reporter-output>
          </reporter-output>
        </test-method> <!-- Teardown -->
      </class> <!-- com.p360.Main.testCases.TC_Main_Users -->
    </test> <!-- P360_UI_USER_MODULE -->
  </suite> <!-- Suite -->
</testng-results>
